2023-05-27 17:43:58.328 [error] Unable to write to Workspace Settings because no workspace is opened. Please open a workspace first and try again.: Error: Unable to write to Workspace Settings because no workspace is opened. Please open a workspace first and try again.
    at e.ConfigurationEditing.y (vscode-file://vscode-app/usr/share/code-insiders/resources/app/out/vs/workbench/workbench.desktop.main.js:2269:51215)
    at e.ConfigurationEditing.E (vscode-file://vscode-app/usr/share/code-insiders/resources/app/out/vs/workbench/workbench.desktop.main.js:2269:54132)
    at e.ConfigurationEditing.n (vscode-file://vscode-app/usr/share/code-insiders/resources/app/out/vs/workbench/workbench.desktop.main.js:2269:48244)
    at Object.factory (vscode-file://vscode-app/usr/share/code-insiders/resources/app/out/vs/workbench/workbench.desktop.main.js:2269:48144)
    at A.h (vscode-file://vscode-app/usr/share/code-insiders/resources/app/out/vs/workbench/workbench.desktop.main.js:97:15915)
    at A.j (vscode-file://vscode-app/usr/share/code-insiders/resources/app/out/vs/workbench/workbench.desktop.main.js:97:16019)
    at vscode-file://vscode-app/usr/share/code-insiders/resources/app/out/vs/workbench/workbench.desktop.main.js:97:15957
2023-05-27 17:43:59.322 [error] ENOENT: no such file or directory, open '/home/silverest/.config/Code - Insiders/User/globalStorage/vscodevim.vim/.registers': Error: ENOENT: no such file or directory, open '/home/silverest/.config/Code - Insiders/User/globalStorage/vscodevim.vim/.registers'
2023-05-27 17:44:00.509 [info] [perf] Render performance baseline is 22ms
2023-05-27 19:48:29.483 [error] ENOENT: no such file or directory, open '/home/silverest/.config/Code - Insiders/User/globalStorage/vscodevim.vim/.registers': Error: ENOENT: no such file or directory, open '/home/silverest/.config/Code - Insiders/User/globalStorage/vscodevim.vim/.registers'
2023-05-27 19:48:30.885 [info] [perf] Render performance baseline is 21ms
2023-05-27 19:48:56.759 [error] ENOENT: no such file or directory, open '/home/silverest/.config/Code - Insiders/User/globalStorage/vscodevim.vim/.registers': Error: ENOENT: no such file or directory, open '/home/silverest/.config/Code - Insiders/User/globalStorage/vscodevim.vim/.registers'
2023-05-27 19:48:58.127 [info] [perf] Render performance baseline is 23ms
2023-05-27 19:54:45.470 [error] ENOENT: no such file or directory, open '/home/silverest/.config/Code - Insiders/User/globalStorage/vscodevim.vim/.registers': Error: ENOENT: no such file or directory, open '/home/silverest/.config/Code - Insiders/User/globalStorage/vscodevim.vim/.registers'
2023-05-27 19:54:46.837 [info] [perf] Render performance baseline is 23ms
2023-05-27 20:02:11.653 [error] [Extension Host] [ERROR] [streamChoices] [2023-05-27T19:02:11.622Z] Error parsing extraData: data: {"id":"chatcmpl-7KtSxV2A5N2oZThGN6ztWkrdNOX6B","object
2023-05-27 20:20:00.393 [error] [text file model] handleSaveError(459) - exit - resulted in a save error: Error: Unable to write file '/home/silverest/Coding/scala/advanced_scala/src/main/scala/com/silverest/part1as/Recap.scala' (Error: File Modified Since) file:///home/silverest/Coding/scala/advanced_scala/src/main/scala/com/silverest/part1as/Recap.scala
2023-05-27 20:20:01.119 [error] [text file model] handleSaveError(459) - exit - resulted in a save error: Error: Unable to write file '/home/silverest/Coding/scala/advanced_scala/src/main/scala/com/silverest/part1as/Recap.scala' (Error: File Modified Since) file:///home/silverest/Coding/scala/advanced_scala/src/main/scala/com/silverest/part1as/Recap.scala
2023-05-27 20:20:06.349 [error] [text file model] handleSaveError(462) - exit - resulted in a save error: Error: Unable to write file '/home/silverest/Coding/scala/advanced_scala/src/main/scala/com/silverest/part1as/Recap.scala' (Error: File Modified Since) file:///home/silverest/Coding/scala/advanced_scala/src/main/scala/com/silverest/part1as/Recap.scala
