2023-05-27 17:43:58.416 [info] Reading sessions from keychain...
2023-05-27 17:43:58.416 [info] Getting sessions for all scopes...
2023-05-27 17:43:58.416 [info] Getting sessions for user:email...
2023-05-27 17:43:58.416 [info] Getting sessions for all scopes...
2023-05-27 17:43:58.416 [info] Got stored sessions!
2023-05-27 17:43:58.416 [info] Got 1 verified sessions.
2023-05-27 17:43:58.416 [info] Got 1 sessions for ...
2023-05-27 17:43:58.416 [info] Got 1 sessions for user:email...
2023-05-27 17:43:58.416 [info] Got 1 sessions for ...
2023-05-27 17:43:58.615 [info] Getting sessions for all scopes...
2023-05-27 17:43:58.615 [info] Got 1 sessions for ...
2023-05-27 17:43:58.619 [info] Getting sessions for user:email...
2023-05-27 17:43:58.619 [info] Got 1 sessions for user:email...
2023-05-27 17:43:58.619 [info] Getting sessions for read:user...
2023-05-27 17:43:58.619 [info] Got 0 sessions for read:user...
2023-05-27 17:43:58.624 [info] Getting sessions for user:email...
2023-05-27 17:43:58.624 [info] Got 1 sessions for user:email...
2023-05-27 18:08:59.109 [info] Getting sessions for user:email...
2023-05-27 18:08:59.109 [info] Got 1 sessions for user:email...
2023-05-27 18:08:59.116 [info] Getting sessions for read:user...
2023-05-27 18:08:59.116 [info] Got 0 sessions for read:user...
2023-05-27 18:08:59.116 [info] Getting sessions for user:email...
2023-05-27 18:08:59.116 [info] Got 1 sessions for user:email...
2023-05-27 18:34:00.197 [info] Getting sessions for read:user...
2023-05-27 18:34:00.197 [info] Got 0 sessions for read:user...
2023-05-27 18:34:00.198 [info] Getting sessions for user:email...
2023-05-27 18:34:00.198 [info] Got 1 sessions for user:email...
2023-05-27 18:34:00.230 [info] Getting sessions for user:email...
2023-05-27 18:34:00.230 [info] Got 1 sessions for user:email...
2023-05-27 18:59:00.857 [info] Getting sessions for user:email...
2023-05-27 18:59:00.857 [info] Got 1 sessions for user:email...
2023-05-27 18:59:00.873 [info] Getting sessions for read:user...
2023-05-27 18:59:00.873 [info] Got 0 sessions for read:user...
2023-05-27 18:59:00.874 [info] Getting sessions for user:email...
2023-05-27 18:59:00.874 [info] Got 1 sessions for user:email...
2023-05-27 19:24:01.557 [info] Getting sessions for read:user...
2023-05-27 19:24:01.557 [info] Got 0 sessions for read:user...
2023-05-27 19:24:01.558 [info] Getting sessions for user:email...
2023-05-27 19:24:01.558 [info] Got 1 sessions for user:email...
2023-05-27 19:24:01.582 [info] Getting sessions for user:email...
2023-05-27 19:24:01.582 [info] Got 1 sessions for user:email...
2023-05-27 19:48:28.622 [info] Reading sessions from keychain...
2023-05-27 19:48:28.622 [info] Getting sessions for all scopes...
2023-05-27 19:48:28.622 [info] Getting sessions for user:email...
2023-05-27 19:48:28.622 [info] Got stored sessions!
2023-05-27 19:48:28.622 [info] Got 1 verified sessions.
2023-05-27 19:48:28.622 [info] Got 1 sessions for ...
2023-05-27 19:48:28.622 [info] Got 1 sessions for user:email...
2023-05-27 19:48:28.706 [info] Getting sessions for all scopes...
2023-05-27 19:48:28.706 [info] Got 1 sessions for ...
2023-05-27 19:48:32.901 [info] Getting sessions for user:email...
2023-05-27 19:48:32.901 [info] Got 1 sessions for user:email...
2023-05-27 19:48:32.914 [info] Getting sessions for read:user...
2023-05-27 19:48:32.914 [info] Got 0 sessions for read:user...
2023-05-27 19:48:32.915 [info] Getting sessions for user:email...
2023-05-27 19:48:32.915 [info] Got 1 sessions for user:email...
2023-05-27 19:48:55.845 [info] Reading sessions from keychain...
2023-05-27 19:48:55.845 [info] Getting sessions for all scopes...
2023-05-27 19:48:55.845 [info] Getting sessions for user:email...
2023-05-27 19:48:55.845 [info] Got stored sessions!
2023-05-27 19:48:55.845 [info] Got 1 verified sessions.
2023-05-27 19:48:55.845 [info] Got 1 sessions for ...
2023-05-27 19:48:55.845 [info] Got 1 sessions for user:email...
2023-05-27 19:48:55.889 [info] Getting sessions for all scopes...
2023-05-27 19:48:55.889 [info] Got 1 sessions for ...
2023-05-27 19:48:59.232 [info] Getting sessions for user:email...
2023-05-27 19:48:59.232 [info] Got 1 sessions for user:email...
2023-05-27 19:48:59.302 [info] Getting sessions for read:user...
2023-05-27 19:48:59.302 [info] Got 0 sessions for read:user...
2023-05-27 19:48:59.328 [info] Getting sessions for user:email...
2023-05-27 19:48:59.328 [info] Got 1 sessions for user:email...
2023-05-27 19:54:44.598 [info] Reading sessions from keychain...
2023-05-27 19:54:44.598 [info] Getting sessions for all scopes...
2023-05-27 19:54:44.598 [info] Getting sessions for user:email...
2023-05-27 19:54:44.598 [info] Got stored sessions!
2023-05-27 19:54:44.598 [info] Got 1 verified sessions.
2023-05-27 19:54:44.598 [info] Got 1 sessions for ...
2023-05-27 19:54:44.598 [info] Got 1 sessions for user:email...
2023-05-27 19:54:44.598 [info] Getting sessions for all scopes...
2023-05-27 19:54:44.598 [info] Got 1 sessions for ...
2023-05-27 19:54:44.638 [info] Getting sessions for all scopes...
2023-05-27 19:54:44.638 [info] Got 1 sessions for ...
2023-05-27 19:54:46.143 [info] Getting sessions for user:email...
2023-05-27 19:54:46.143 [info] Got 1 sessions for user:email...
2023-05-27 19:54:46.222 [info] Getting sessions for read:user...
2023-05-27 19:54:46.222 [info] Got 0 sessions for read:user...
2023-05-27 19:54:46.229 [info] Getting sessions for user:email...
2023-05-27 19:54:46.229 [info] Got 1 sessions for user:email...
2023-05-27 19:58:49.751 [info] Getting sessions for user:email...
2023-05-27 19:58:49.751 [info] Got 1 sessions for user:email...
2023-05-27 20:19:46.943 [info] Getting sessions for user:email...
2023-05-27 20:19:46.943 [info] Got 1 sessions for user:email...
2023-05-27 20:19:47.015 [info] Getting sessions for read:user...
2023-05-27 20:19:47.015 [info] Got 0 sessions for read:user...
2023-05-27 20:19:47.016 [info] Getting sessions for user:email...
2023-05-27 20:19:47.016 [info] Got 1 sessions for user:email...
