2023-05-27 17:43:58.416 [info] Log level: Info
2023-05-27 17:43:58.416 [info] Validating found git in: "git"
2023-05-27 17:43:58.430 [info] Using git "2.40.1" from "git"
2023-05-27 19:48:32.882 [info] Log level: Info
2023-05-27 19:48:32.882 [info] Validating found git in: "git"
2023-05-27 19:48:32.882 [info] Using git "2.40.1" from "git"
2023-05-27 19:48:32.885 [info] > git rev-parse --show-toplevel [34ms]
2023-05-27 19:48:59.170 [info] Log level: Info
2023-05-27 19:48:59.170 [info] Validating found git in: "git"
2023-05-27 19:48:59.170 [info] Using git "2.40.1" from "git"
2023-05-27 19:48:59.178 [info] > git rev-parse --show-toplevel [33ms]
2023-05-27 19:48:59.222 [info] > git rev-parse --git-dir --git-common-dir [7ms]
2023-05-27 19:48:59.228 [info] Open repository: /home/silverest/Coding/scala/scala-3-advanced
2023-05-27 19:48:59.235 [info] > git rev-parse --show-toplevel [3ms]
2023-05-27 19:48:59.259 [info] > git rev-parse --show-toplevel [21ms]
2023-05-27 19:48:59.263 [info] > git config --get commit.template [28ms]
2023-05-27 19:48:59.286 [info] > git rev-parse --show-toplevel [23ms]
2023-05-27 19:48:59.297 [info] > git for-each-ref --format=%(refname)%00%(upstream:short)%00%(objectname)%00%(upstream:track)%00%(upstream:remotename)%00%(upstream:remoteref) refs/heads/master refs/remotes/master [5ms]
2023-05-27 19:48:59.315 [info] > git status -z -uall --find-renames=50% [14ms]
2023-05-27 19:48:59.328 [info] > git config --get commit.template [2ms]
2023-05-27 19:48:59.334 [info] > git for-each-ref --format=%(refname)%00%(upstream:short)%00%(objectname)%00%(upstream:track)%00%(upstream:remotename)%00%(upstream:remoteref) refs/heads/master refs/remotes/master [2ms]
2023-05-27 19:48:59.359 [info] > git status -z -uall --find-renames=50% [21ms]
2023-05-27 19:48:59.773 [info] > git check-ignore -v -z --stdin [0ms]
2023-05-27 19:49:00.296 [info] > git check-ignore -v -z --stdin [1ms]
2023-05-27 19:49:11.722 [info] > git check-ignore -v -z --stdin [1ms]
2023-05-27 19:49:17.339 [info] > git show --textconv :build.sbt [5ms]
2023-05-27 19:49:17.339 [info] > git ls-files --stage -- /home/silverest/Coding/scala/scala-3-advanced/build.sbt [2ms]
2023-05-27 19:49:17.343 [info] > git cat-file -s bd81d2c8ff58add23f4569fd059787b55b3606bd [1ms]
2023-05-27 19:49:25.185 [info] > git check-ignore -v -z --stdin [1ms]
2023-05-27 19:49:26.082 [info] > git check-ignore -v -z --stdin [0ms]
2023-05-27 19:49:28.419 [info] > git check-ignore -v -z --stdin [1ms]
2023-05-27 19:49:28.843 [info] > git show --textconv :src/main/scala/com/rockthejvm/playground/Playground.scala [4ms]
2023-05-27 19:49:28.844 [info] > git ls-files --stage -- /home/silverest/Coding/scala/scala-3-advanced/src/main/scala/com/rockthejvm/playground/Playground.scala [1ms]
2023-05-27 19:49:28.849 [info] > git cat-file -s 30347b9f3a86023be0e2b20e77858633962c0572 [0ms]
2023-05-27 19:49:29.126 [info] > git check-ignore -v -z --stdin [0ms]
2023-05-27 19:49:44.369 [info] > git config --get commit.template [1ms]
2023-05-27 19:49:44.375 [info] > git for-each-ref --format=%(refname)%00%(upstream:short)%00%(objectname)%00%(upstream:track)%00%(upstream:remotename)%00%(upstream:remoteref) refs/heads/master refs/remotes/master [0ms]
2023-05-27 19:49:44.379 [info] > git status -z -uall --find-renames=50% [1ms]
2023-05-27 19:49:44.474 [info] > git ls-files --stage -- /home/silverest/Coding/scala/scala-3-advanced/src/main/scala/com/rockthejvm/playground/Playground.scala [1ms]
2023-05-27 19:49:44.477 [info] > git cat-file -s 30347b9f3a86023be0e2b20e77858633962c0572 [1ms]
2023-05-27 19:49:44.484 [info] > git show --textconv :src/main/scala/com/rockthejvm/playground/Playground.scala [0ms]
2023-05-27 19:54:26.721 [info] > git check-ignore -v -z --stdin [1ms]
2023-05-27 19:54:46.085 [info] Log level: Info
2023-05-27 19:54:46.085 [info] Validating found git in: "git"
2023-05-27 19:54:46.085 [info] Using git "2.40.1" from "git"
2023-05-27 19:54:46.088 [info] > git rev-parse --show-toplevel [32ms]
2023-05-27 19:54:46.088 [info] fatal: not a git repository (or any parent up to mount point /)
Stopping at filesystem boundary (GIT_DISCOVERY_ACROSS_FILESYSTEM not set).
2023-05-27 19:54:46.121 [info] > git rev-parse --show-toplevel [28ms]
2023-05-27 19:54:46.121 [info] fatal: not a git repository (or any parent up to mount point /)
Stopping at filesystem boundary (GIT_DISCOVERY_ACROSS_FILESYSTEM not set).
2023-05-27 19:54:46.137 [info] > git rev-parse --show-toplevel [11ms]
2023-05-27 19:54:46.137 [info] fatal: not a git repository (or any parent up to mount point /)
Stopping at filesystem boundary (GIT_DISCOVERY_ACROSS_FILESYSTEM not set).
2023-05-27 19:54:46.170 [info] > git rev-parse --show-toplevel [27ms]
2023-05-27 19:54:46.170 [info] fatal: not a git repository (or any parent up to mount point /)
Stopping at filesystem boundary (GIT_DISCOVERY_ACROSS_FILESYSTEM not set).
2023-05-27 19:54:46.196 [info] > git rev-parse --show-toplevel [22ms]
2023-05-27 19:54:46.196 [info] fatal: not a git repository (or any parent up to mount point /)
Stopping at filesystem boundary (GIT_DISCOVERY_ACROSS_FILESYSTEM not set).
2023-05-27 19:54:46.211 [info] > git rev-parse --show-toplevel [11ms]
2023-05-27 19:54:46.211 [info] fatal: not a git repository (or any parent up to mount point /)
Stopping at filesystem boundary (GIT_DISCOVERY_ACROSS_FILESYSTEM not set).
2023-05-27 19:54:46.217 [info] > git rev-parse --show-toplevel [2ms]
2023-05-27 19:54:46.217 [info] fatal: not a git repository (or any parent up to mount point /)
Stopping at filesystem boundary (GIT_DISCOVERY_ACROSS_FILESYSTEM not set).
2023-05-27 19:54:51.100 [info] > git rev-parse --show-toplevel [5ms]
2023-05-27 19:54:51.100 [info] fatal: not a git repository (or any parent up to mount point /)
Stopping at filesystem boundary (GIT_DISCOVERY_ACROSS_FILESYSTEM not set).
2023-05-27 19:55:08.857 [info] > git rev-parse --show-toplevel [1ms]
2023-05-27 19:55:08.857 [info] fatal: not a git repository (or any parent up to mount point /)
Stopping at filesystem boundary (GIT_DISCOVERY_ACROSS_FILESYSTEM not set).
2023-05-27 19:55:17.501 [info] > git rev-parse --show-toplevel [3ms]
2023-05-27 19:55:17.501 [info] fatal: not a git repository (or any parent up to mount point /)
Stopping at filesystem boundary (GIT_DISCOVERY_ACROSS_FILESYSTEM not set).
2023-05-27 19:55:23.483 [info] > git rev-parse --show-toplevel [1ms]
2023-05-27 19:55:23.483 [info] fatal: not a git repository (or any parent up to mount point /)
Stopping at filesystem boundary (GIT_DISCOVERY_ACROSS_FILESYSTEM not set).
2023-05-27 19:55:29.293 [info] > git rev-parse --show-toplevel [2ms]
2023-05-27 19:55:29.293 [info] fatal: not a git repository (or any parent up to mount point /)
Stopping at filesystem boundary (GIT_DISCOVERY_ACROSS_FILESYSTEM not set).
2023-05-27 19:56:20.180 [info] > git rev-parse --show-toplevel [2ms]
2023-05-27 19:56:20.180 [info] fatal: not a git repository (or any parent up to mount point /)
Stopping at filesystem boundary (GIT_DISCOVERY_ACROSS_FILESYSTEM not set).
2023-05-27 19:56:45.545 [info] > git rev-parse --show-toplevel [3ms]
2023-05-27 19:56:45.545 [info] fatal: not a git repository (or any parent up to mount point /)
Stopping at filesystem boundary (GIT_DISCOVERY_ACROSS_FILESYSTEM not set).
2023-05-27 19:57:16.867 [info] > git rev-parse --show-toplevel [1ms]
2023-05-27 19:57:16.867 [info] fatal: not a git repository (or any parent up to mount point /)
Stopping at filesystem boundary (GIT_DISCOVERY_ACROSS_FILESYSTEM not set).
2023-05-27 19:57:19.923 [info] > git rev-parse --show-toplevel [3ms]
2023-05-27 19:57:19.923 [info] fatal: not a git repository (or any parent up to mount point /)
Stopping at filesystem boundary (GIT_DISCOVERY_ACROSS_FILESYSTEM not set).
2023-05-27 19:58:17.844 [info] > git rev-parse --show-toplevel [2ms]
2023-05-27 19:58:17.844 [info] fatal: not a git repository (or any parent up to mount point /)
Stopping at filesystem boundary (GIT_DISCOVERY_ACROSS_FILESYSTEM not set).
2023-05-27 19:58:37.999 [info] > git rev-parse --show-toplevel [1ms]
2023-05-27 19:58:37.999 [info] fatal: not a git repository (or any parent up to mount point /)
Stopping at filesystem boundary (GIT_DISCOVERY_ACROSS_FILESYSTEM not set).
2023-05-27 19:58:40.222 [info] > git rev-parse --show-toplevel [1ms]
2023-05-27 19:58:40.222 [info] fatal: not a git repository (or any parent up to mount point /)
Stopping at filesystem boundary (GIT_DISCOVERY_ACROSS_FILESYSTEM not set).
2023-05-27 19:59:03.564 [info] > git rev-parse --show-toplevel [2ms]
2023-05-27 19:59:03.564 [info] fatal: not a git repository (or any parent up to mount point /)
Stopping at filesystem boundary (GIT_DISCOVERY_ACROSS_FILESYSTEM not set).
2023-05-27 19:59:04.352 [info] > git rev-parse --show-toplevel [2ms]
2023-05-27 19:59:04.352 [info] fatal: not a git repository (or any parent up to mount point /)
Stopping at filesystem boundary (GIT_DISCOVERY_ACROSS_FILESYSTEM not set).
2023-05-27 19:59:07.567 [info] > git rev-parse --show-toplevel [1ms]
2023-05-27 19:59:07.567 [info] fatal: not a git repository (or any parent up to mount point /)
Stopping at filesystem boundary (GIT_DISCOVERY_ACROSS_FILESYSTEM not set).
2023-05-27 20:01:59.731 [info] > git rev-parse --show-toplevel [1ms]
2023-05-27 20:01:59.731 [info] fatal: not a git repository (or any parent up to mount point /)
Stopping at filesystem boundary (GIT_DISCOVERY_ACROSS_FILESYSTEM not set).
2023-05-27 20:01:59.735 [info] > git rev-parse --show-toplevel [0ms]
2023-05-27 20:01:59.735 [info] fatal: not a git repository (or any parent up to mount point /)
Stopping at filesystem boundary (GIT_DISCOVERY_ACROSS_FILESYSTEM not set).
2023-05-27 20:02:24.937 [info] > git rev-parse --show-toplevel [1ms]
2023-05-27 20:02:24.937 [info] fatal: not a git repository (or any parent up to mount point /)
Stopping at filesystem boundary (GIT_DISCOVERY_ACROSS_FILESYSTEM not set).
2023-05-27 20:10:54.440 [info] > git rev-parse --show-toplevel [1ms]
2023-05-27 20:10:54.440 [info] fatal: not a git repository (or any parent up to mount point /)
Stopping at filesystem boundary (GIT_DISCOVERY_ACROSS_FILESYSTEM not set).
2023-05-27 20:11:36.989 [info] > git rev-parse --show-toplevel [1ms]
2023-05-27 20:11:36.989 [info] fatal: not a git repository (or any parent up to mount point /)
Stopping at filesystem boundary (GIT_DISCOVERY_ACROSS_FILESYSTEM not set).
2023-05-27 20:12:10.865 [info] > git rev-parse --show-toplevel [2ms]
2023-05-27 20:12:10.865 [info] fatal: not a git repository (or any parent up to mount point /)
Stopping at filesystem boundary (GIT_DISCOVERY_ACROSS_FILESYSTEM not set).
2023-05-27 20:12:26.170 [info] > git rev-parse --show-toplevel [1ms]
2023-05-27 20:12:26.170 [info] fatal: not a git repository (or any parent up to mount point /)
Stopping at filesystem boundary (GIT_DISCOVERY_ACROSS_FILESYSTEM not set).
2023-05-27 20:12:28.887 [info] > git rev-parse --show-toplevel [1ms]
2023-05-27 20:12:28.887 [info] fatal: not a git repository (or any parent up to mount point /)
Stopping at filesystem boundary (GIT_DISCOVERY_ACROSS_FILESYSTEM not set).
