Java home: /home/silverest/.sdkman/candidates/java/current
Metals version: 0.11.12
Using coursier located at /home/silverest/.local/share/coursier/bin/coursier
2023.05.27 19:54:48 INFO  logging to file /home/silverest/Coding/scala/advanced_scala/.metals/metals.log
2023.05.27 19:54:48 INFO  Started: Metals version 0.11.12 in workspace '/home/silverest/Coding/scala/advanced_scala' for client Visual Studio Code - Insiders 1.79.0-insider.
2023.05.27 19:54:49 INFO  time: initialize in 0.32s
Initializing Scala Debugger
Release notes was not shown: not showing release notes since they've already been seen for your current version
2023.05.27 19:54:49 INFO  Attempting to connect to the build server...
2023.05.27 19:54:49 INFO  Bloop uses /home/silverest/.sdkman/candidates/java/current defined at /home/silverest/.bloop/bloop.json
2023.05.27 19:54:49 INFO  skipping build import with status 'Installed'
2023.05.27 19:54:51 INFO  tracing is disabled for protocol BSP, to enable tracing of incoming and outgoing JSON messages create an empty file at /home/silverest/Coding/scala/advanced_scala/.metals/bsp.trace.json or /home/silverest/.cache/metals/bsp.trace.json
2023.05.27 19:54:51 INFO  Attempting to connect to the build server...
2023.05.27 19:54:51 INFO  Bloop uses /home/silverest/.sdkman/candidates/java/current defined at /home/silverest/.bloop/bloop.json
2023.05.27 19:54:51 INFO  tracing is disabled for protocol BSP, to enable tracing of incoming and outgoing JSON messages create an empty file at /home/silverest/Coding/scala/advanced_scala/project/.metals/bsp.trace.json or /home/silverest/.cache/metals/bsp.trace.json
2023.05.27 19:54:52 INFO  no build target found for /home/silverest/Coding/scala/advanced_scala/src/main/scala/Main.scala. Using presentation compiler with project's scala-library version: 3.2.2
2023.05.27 19:55:06 INFO  time: Connected to build server in 16s
2023.05.27 19:55:06 INFO  Connected to Build server: Bloop v1.5.6
2023.05.27 19:55:20 INFO  time: indexed workspace in 13s
2023.05.27 19:55:20 INFO  compiling root (1 scala source)
2023.05.27 19:55:20 INFO  time: code lens generation in 1.6s
2023.05.27 19:55:21 INFO  file:///home/silverest/Coding/scala/advanced_scala/src/main/scala/Main.scala:11:17: stale bloop warning: A pure expression does nothing in statement position; you may be omitting necessary parentheses
  if aCond then 54
                ^^
2023.05.27 19:55:22 INFO  time: code lens generation in 2.8s
2023.05.27 19:55:22 INFO  time: code lens generation in 2.78s
2023.05.27 19:55:21 INFO  compiling root-test (1 scala source)
2023.05.27 19:55:21 INFO  time: compiled root in 2.27s
2023.05.27 19:55:23 INFO  time: compiled root-test in 0.44s
2023.05.27 19:56:20 INFO  compiling root (1 scala source)
2023.05.27 19:56:20 INFO  time: compiled root in 68ms
2023.05.27 20:00:31 INFO  compiling root (1 scala source)
2023.05.27 20:00:31 INFO  time: compiled root in 38ms
2023.05.27 20:01:01 INFO  compiling root (1 scala source)
2023.05.27 20:01:01 INFO  time: compiled root in 0.34s
2023.05.27 20:03:31 WARN  no build target for: /home/silverest/Coding/scala/advanced_scala/project/metals.sbt
2023.05.27 20:03:31 WARN  no build target for: /home/silverest/Coding/scala/advanced_scala/project/project/metals.sbt
2023.05.27 20:03:43 INFO  skipping build import with status 'Installed'
2023.05.27 20:03:43 INFO  compiling root (1 scala source)
2023.05.27 20:03:43 INFO  time: compiled root in 59ms
2023.05.27 20:04:54 INFO  compiling root (1 scala source)
2023.05.27 20:04:54 INFO  time: compiled root in 0.1s
2023.05.27 20:16:59 INFO  compiling root (1 scala source)
2023.05.27 20:16:59 INFO  time: compiled root in 0.11s
2023.05.27 20:17:11 INFO  compiling root (1 scala source)
2023.05.27 20:17:11 INFO  time: compiled root in 37ms
2023.05.27 20:17:20 INFO  compiling root (1 scala source)
2023.05.27 20:17:20 INFO  time: compiled root in 99ms
2023.05.27 20:18:19 INFO  compiling root (1 scala source)
2023.05.27 20:18:19 INFO  time: compiled root in 0.1s
2023.05.27 20:18:23 INFO  running '/home/silverest/.sdkman/candidates/java/current/bin/java -Djline.terminal=jline.UnsupportedTerminal -Dsbt.log.noformat=true -Dfile.encoding=UTF-8 -jar /tmp/metals5646798158319310507/sbt-launch.jar -Dbloop.export-jar-classifiers=sources bloopInstall'
2023.05.27 20:18:24 INFO  [info] welcome to sbt 1.8.0 (Eclipse Adoptium Java 17.0.6)
2023.05.27 20:18:24 INFO  [info] loading global plugins from /home/silverest/.sbt/1.0/plugins
2023.05.27 20:18:25 INFO  [info] loading settings for project advanced_scala-build-build from metals.sbt ...
2023.05.27 20:18:25 INFO  [info] loading project definition from /home/silverest/Coding/scala/advanced_scala/project/project
2023.05.27 20:18:25 INFO  [info] loading settings for project advanced_scala-build from metals.sbt ...
2023.05.27 20:18:25 INFO  [info] loading project definition from /home/silverest/Coding/scala/advanced_scala/project
2023.05.27 20:18:26 INFO  [success] Generated .bloop/advanced_scala-build.json
2023.05.27 20:18:26 INFO  [success] Total time: 1 s, completed May 27, 2023, 8:18:26 PM
2023.05.27 20:18:26 INFO  [info] loading settings for project root from build.sbt ...
2023.05.27 20:18:26 INFO  [info] set current project to advanced_scala (in build file:/home/silverest/Coding/scala/advanced_scala/)
2023.05.27 20:18:26 INFO  [success] Generated .bloop/root.json
2023.05.27 20:18:26 INFO  [success] Generated .bloop/root-test.json
2023.05.27 20:18:26 INFO  [success] Total time: 0 s, completed May 27, 2023, 8:18:26 PM
2023.05.27 20:18:27 INFO  time: ran 'sbt bloopInstall' in 3.51s
2023.05.27 20:18:27 INFO  Disconnecting from Bloop session...
2023.05.27 20:18:27 INFO  Shut down connection with build server.
2023.05.27 20:18:27 INFO  Shut down connection with build server.
2023.05.27 20:18:27 INFO  Attempting to connect to the build server...
2023.05.27 20:18:27 INFO  Bloop uses /home/silverest/.sdkman/candidates/java/current defined at /home/silverest/.bloop/bloop.json
2023.05.27 20:18:27 INFO  tracing is disabled for protocol BSP, to enable tracing of incoming and outgoing JSON messages create an empty file at /home/silverest/Coding/scala/advanced_scala/.metals/bsp.trace.json or /home/silverest/.cache/metals/bsp.trace.json
2023.05.27 20:18:27 INFO  Attempting to connect to the build server...
2023.05.27 20:18:27 INFO  Bloop uses /home/silverest/.sdkman/candidates/java/current defined at /home/silverest/.bloop/bloop.json
2023.05.27 20:18:27 INFO  tracing is disabled for protocol BSP, to enable tracing of incoming and outgoing JSON messages create an empty file at /home/silverest/Coding/scala/advanced_scala/project/.metals/bsp.trace.json or /home/silverest/.cache/metals/bsp.trace.json
2023.05.27 20:18:27 INFO  time: Connected to build server in 0.11s
2023.05.27 20:18:27 INFO  Connected to Build server: Bloop v1.5.6
2023.05.27 20:18:27 INFO  time: indexed workspace in 0.68s
2023.05.27 20:18:42 INFO  compiling root (1 scala source)
2023.05.27 20:18:42 INFO  time: compiled root in 87ms
2023.05.27 20:20:10 INFO  compiling root (1 scala source)
2023.05.27 20:20:10 INFO  time: compiled root in 86ms
2023.05.27 20:20:16 INFO  Shutting down server
2023.05.27 20:20:16 INFO  shutting down Metals
