2023-05-28 00:41:48.172 [info] Reading sessions from keychain...
2023-05-28 00:41:48.172 [info] Getting sessions for all scopes...
2023-05-28 00:41:48.172 [info] Getting sessions for user:email...
2023-05-28 00:41:48.172 [info] Got stored sessions!
2023-05-28 00:41:48.172 [info] Got 1 verified sessions.
2023-05-28 00:41:48.172 [info] Got 1 sessions for ...
2023-05-28 00:41:48.172 [info] Got 1 sessions for user:email...
2023-05-28 00:41:48.172 [info] Getting sessions for all scopes...
2023-05-28 00:41:48.172 [info] Got 1 sessions for ...
2023-05-28 00:41:48.194 [info] Getting sessions for all scopes...
2023-05-28 00:41:48.194 [info] Got 1 sessions for ...
2023-05-28 00:42:12.596 [info] Reading sessions from keychain...
2023-05-28 00:42:12.596 [info] Getting sessions for all scopes...
2023-05-28 00:42:12.597 [info] Got stored sessions!
2023-05-28 00:42:12.597 [info] Got 1 verified sessions.
2023-05-28 00:42:12.597 [info] Got 1 sessions for ...
2023-05-28 00:42:12.597 [info] Getting sessions for user:email...
2023-05-28 00:42:12.597 [info] Got 1 sessions for user:email...
2023-05-28 00:42:12.639 [info] Getting sessions for all scopes...
2023-05-28 00:42:12.639 [info] Got 1 sessions for ...
2023-05-28 00:42:15.385 [info] Getting sessions for user:email...
2023-05-28 00:42:15.385 [info] Got 1 sessions for user:email...
2023-05-28 00:42:15.399 [info] Getting sessions for read:user...
2023-05-28 00:42:15.399 [info] Got 0 sessions for read:user...
2023-05-28 00:42:15.400 [info] Getting sessions for user:email...
2023-05-28 00:42:15.400 [info] Got 1 sessions for user:email...
2023-05-28 00:42:19.370 [info] Getting sessions for user:email...
2023-05-28 00:42:19.370 [info] Got 1 sessions for user:email...
2023-05-28 01:07:17.223 [info] Getting sessions for user:email...
2023-05-28 01:07:17.223 [info] Got 1 sessions for user:email...
2023-05-28 01:07:17.240 [info] Getting sessions for read:user...
2023-05-28 01:07:17.240 [info] Got 0 sessions for read:user...
2023-05-28 01:07:17.241 [info] Getting sessions for user:email...
2023-05-28 01:07:17.241 [info] Got 1 sessions for user:email...
