2023-05-27 17:43:58.411 [info] Configuration changed
2023-05-27 17:44:03.439 [info] Untitled-1 closed
2023-05-27 19:48:28.512 [info] Configuration changed
2023-05-27 19:48:28.553 [info] Configuration changed
2023-05-27 19:48:28.587 [info] Configuration changed
2023-05-27 19:48:28.812 [info] Configuration changed
2023-05-27 19:48:29.314 [info] Configuration changed
2023-05-27 19:48:32.617 [info] Configuration changed
2023-05-27 19:48:55.844 [info] Configuration changed
2023-05-27 19:48:55.844 [info] Configuration changed
2023-05-27 19:48:55.858 [info] Configuration changed
2023-05-27 19:48:55.994 [info] Configuration changed
2023-05-27 19:48:58.874 [info] Configuration changed
2023-05-27 19:48:59.221 [info] /home/silverest/.config/Code - Insiders/User/settings.json closed
2023-05-27 19:48:59.287 [info] /home/silverest/Coding/scala/scala-3-advanced/.vscode/settings.json closed
2023-05-27 19:48:59.296 [info] Configuration changed
2023-05-27 19:49:17.125 [info] Active editor: file:///home/silverest/Coding/scala/scala-3-advanced/build.sbt
2023-05-27 19:49:28.619 [info] /home/silverest/Coding/scala/scala-3-advanced/build.sbt closed
2023-05-27 19:49:28.619 [info] /home/silverest/Coding/scala/scala-3-advanced/build.sbt.git closed
2023-05-27 19:49:28.628 [info] Active editor: file:///home/silverest/Coding/scala/scala-3-advanced/src/main/scala/com/rockthejvm/playground/Playground.scala
2023-05-27 19:54:44.529 [info] Configuration changed
2023-05-27 19:54:44.529 [info] Configuration changed
2023-05-27 19:54:44.547 [info] Configuration changed
2023-05-27 19:54:44.559 [info] Configuration changed
2023-05-27 19:54:44.706 [info] Configuration changed
2023-05-27 19:54:45.822 [info] Configuration changed
2023-05-27 19:54:46.136 [info] /home/silverest/.config/Code - Insiders/User/settings.json closed
2023-05-27 19:54:46.180 [info] /home/silverest/Coding/scala/advanced_scala/.vscode/settings.json closed
2023-05-27 19:54:46.184 [info] Configuration changed
2023-05-27 19:54:51.095 [info] Active editor: file:///home/silverest/Coding/scala/advanced_scala/src/main/scala/Main.scala
2023-05-27 19:55:08.856 [info] Active editor: file:///home/silverest/Coding/scala/advanced_scala/build.sbt
2023-05-27 19:55:17.498 [info] Active editor: file:///home/silverest/Coding/scala/advanced_scala/src/main/scala/Main.scala
2023-05-27 19:55:23.465 [info] /home/silverest/Coding/scala/advanced_scala/src/main/scala/Main.scala closed
2023-05-27 19:55:23.481 [info] Active editor: file:///home/silverest/Coding/scala/advanced_scala/build.sbt
2023-05-27 19:55:29.291 [info] Active editor: file:///home/silverest/Coding/scala/advanced_scala/src/test/scala/MySuite.scala
2023-05-27 19:56:20.168 [info] /home/silverest/Coding/scala/advanced_scala/src/test/scala/MySuite.scala closed
2023-05-27 19:56:20.178 [info] Active editor: file:///home/silverest/Coding/scala/advanced_scala/src/main/scala/com/silverest/part1as/Recap.scala
2023-05-27 19:56:45.525 [info] /home/silverest/.config/Code - Insiders/User/settings.json closed
2023-05-27 19:56:45.537 [info] Configuration changed
2023-05-27 19:57:16.865 [info] Active editor: file:///home/silverest/Coding/scala/advanced_scala/build.sbt
2023-05-27 19:57:19.921 [info] Active editor: file:///home/silverest/Coding/scala/advanced_scala/src/main/scala/com/silverest/part1as/Recap.scala
2023-05-27 19:58:17.836 [info] Configuration changed
2023-05-27 19:58:37.998 [info] Active editor: file:///home/silverest/Coding/scala/advanced_scala/src/main/scala/com/silverest/part1as/Recap.scala
2023-05-27 19:58:40.221 [info] Active editor: file:///home/silverest/Coding/scala/advanced_scala/build.sbt
2023-05-27 19:59:03.562 [info] Active editor: file:///home/silverest/Coding/scala/advanced_scala/src/main/scala/com/silverest/part1as/Recap.scala
2023-05-27 19:59:04.350 [info] Active editor: file:///home/silverest/Coding/scala/advanced_scala/build.sbt
2023-05-27 19:59:05.804 [info] Executing :w
2023-05-27 19:59:07.558 [info] /home/silverest/Coding/scala/advanced_scala/build.sbt closed
2023-05-27 19:59:07.566 [info] Active editor: file:///home/silverest/Coding/scala/advanced_scala/src/main/scala/com/silverest/part1as/Recap.scala
2023-05-27 20:00:31.197 [info] Executing :w
2023-05-27 20:01:01.570 [info] Executing :w
2023-05-27 20:03:43.741 [info] Executing :w
2023-05-27 20:04:54.325 [info] Executing :w
2023-05-27 20:11:36.646 [info] Active editor: vscode-userdata:/home/silverest/.config/Code%20-%20Insiders/User/settings.json
2023-05-27 20:11:36.982 [info] Configuration changed
2023-05-27 20:11:59.184 [info] Active editor: vscode-userdata:/home/silverest/.config/Code%20-%20Insiders/User/settings.json
2023-05-27 20:12:10.582 [info] Executing :w
2023-05-27 20:12:10.857 [info] Configuration changed
2023-05-27 20:12:26.162 [info] Configuration changed
2023-05-27 20:12:28.886 [info] Active editor: file:///home/silverest/Coding/scala/advanced_scala/src/main/scala/com/silverest/part1as/Recap.scala
2023-05-27 20:12:38.355 [info] Executing :w
2023-05-27 20:14:36.709 [info] /settings/user closed
2023-05-27 20:14:36.777 [info] /settings/resourceLanguage closed
2023-05-27 20:14:36.778 [info] /ignoredSettings closed
2023-05-27 20:14:36.811 [info] /launch closed
2023-05-27 20:14:36.813 [info] /token-styling closed
2023-05-27 20:14:36.814 [info] /textmate-colors closed
2023-05-27 20:14:36.820 [info] /workbench-colors closed
2023-05-27 20:16:58.018 [info] Executing :W
2023-05-27 20:17:11.728 [info] Executing :w
2023-05-27 20:17:19.285 [info] Executing :qw
2023-05-27 20:17:20.228 [info] Executing :w
2023-05-27 20:17:25.732 [info] Executing :w
2023-05-27 20:17:31.479 [info] Executing :w
2023-05-27 20:18:19.345 [info] Executing :w
2023-05-27 20:18:42.615 [info] Executing :w
2023-05-27 20:20:00.387 [info] Executing :w
2023-05-27 20:20:00.394 [warning] :w failed
2023-05-27 20:20:03.158 [info] Executing :W
2023-05-27 20:20:06.341 [info] Executing :w
2023-05-27 20:20:06.350 [warning] :w failed
