2023-05-27 17:43:58.582 [info] Reading sessions from secret storage...
2023-05-27 17:43:58.582 [info] Got 0 stored sessions
2023-05-27 17:43:58.615 [info] Getting sessions for all scopes...
2023-05-27 17:43:58.615 [info] Got 0 sessions for all scopes...
2023-05-27 17:43:58.615 [info] Getting sessions for the following scopes: email offline_access openid profile
2023-05-27 17:43:58.615 [info] Got 0 sessions for scopes: email offline_access openid profile
2023-05-27 19:48:28.630 [info] Reading sessions from secret storage...
2023-05-27 19:48:28.630 [info] Got 0 stored sessions
2023-05-27 19:48:28.630 [info] Getting sessions for all scopes...
2023-05-27 19:48:28.630 [info] Got 0 sessions for all scopes...
2023-05-27 19:48:28.630 [info] Getting sessions for the following scopes: email offline_access openid profile
2023-05-27 19:48:28.630 [info] Got 0 sessions for scopes: email offline_access openid profile
2023-05-27 19:48:55.881 [info] Reading sessions from secret storage...
2023-05-27 19:48:55.881 [info] Got 0 stored sessions
2023-05-27 19:48:55.881 [info] Getting sessions for all scopes...
2023-05-27 19:48:55.881 [info] Got 0 sessions for all scopes...
2023-05-27 19:48:55.881 [info] Getting sessions for the following scopes: email offline_access openid profile
2023-05-27 19:48:55.881 [info] Got 0 sessions for scopes: email offline_access openid profile
2023-05-27 19:54:44.624 [info] Reading sessions from secret storage...
2023-05-27 19:54:44.624 [info] Got 0 stored sessions
2023-05-27 19:54:44.624 [info] Getting sessions for all scopes...
2023-05-27 19:54:44.624 [info] Got 0 sessions for all scopes...
2023-05-27 19:54:44.624 [info] Getting sessions for the following scopes: email offline_access openid profile
2023-05-27 19:54:44.624 [info] Got 0 sessions for scopes: email offline_access openid profile
