2023-05-28 00:41:48.051 [info] Configuration changed
2023-05-28 00:41:48.061 [info] Configuration changed
2023-05-28 00:41:48.124 [info] Configuration changed
2023-05-28 00:41:48.147 [info] Configuration changed
2023-05-28 00:41:48.276 [info] Configuration changed
2023-05-28 00:41:49.668 [info] /home/silverest/Downloads/FreshWomen - Season 1/FreshWomen - Season 1/FreshWomen - Season 1/FreshWomen.py closed
2023-05-28 00:41:54.801 [info] Configuration changed
2023-05-28 00:42:18.746 [info] Active editor: file:///home/silverest/Coding/scala/advanced_scala/src/main/scala/com/silverest/part1as/DarkSugars.scala
2023-05-28 00:42:38.797 [info] /8 closed
2023-05-28 00:42:39.146 [info] /9 closed
2023-05-28 00:43:56.048 [info] /6 closed
2023-05-28 00:43:58.806 [info] /8 closed
2023-05-28 00:44:20.106 [info] /10 closed
2023-05-28 00:44:21.353 [info] /11 closed
2023-05-28 00:44:55.262 [info] /12 closed
2023-05-28 00:44:56.003 [info] /7 closed
2023-05-28 00:44:57.587 [info] /6 closed
2023-05-28 00:57:54.038 [info] /9 closed
2023-05-28 01:00:17.048 [info] /home/silverest/Coding/scala/advanced_scala/src/main/scala/com/silverest/part1as/DarkSugars.scala closed
2023-05-28 01:00:17.060 [info] Active editor: file:///home/silverest/Coding/scala/advanced_scala/src/main/scala/com/silverest/part1as/Recap.scala
2023-05-28 01:00:18.291 [info] /home/silverest/Coding/scala/advanced_scala/src/main/scala/com/silverest/part1as/Recap.scala closed
2023-05-28 01:00:28.572 [info] /14 closed
2023-05-28 01:00:42.872 [info] /14 closed
2023-05-28 01:00:42.905 [info] /14 closed
2023-05-28 01:00:48.803 [info] /14 closed
2023-05-28 01:00:48.822 [info] /14 closed
2023-05-28 01:01:48.581 [info] /14 closed
2023-05-28 01:01:48.608 [info] /14 closed
2023-05-28 01:01:54.123 [info] /14 closed
2023-05-28 01:01:54.142 [info] /14 closed
2023-05-28 01:28:06.780 [info] Active editor: file:///home/silverest/Downloads/%5BFreeCoursesOnline.Me%5D%20Rock%20the%20JVM%20-%20Advanced%20Scala%203%20and%20Functional%20Programming/Advanced%20Scala%203%20and%20Functional%20Programming.txt
