    OpenRGB v0.8
    Commit:  from 
    Launched: 20230521_104351
====================================================================================================

0     |Info:    Found file: RGB ZBI.orp attempting to validate header
0     |Info:    Valid v3 profile found for RGB ZBI
1001  |Info:    ------------------------------------------------------
1001  |Info:    |               Start device detection               |
1001  |Info:    ------------------------------------------------------
1001  |Info:    Initializing HID interfaces: Success
1004  |Info:    ------------------------------------------------------
1004  |Info:    |             Detecting I2C interfaces               |
1004  |Info:    ------------------------------------------------------
1005  |Info:    Registering I2C interface: /dev/i2c-3 Device 10DE:2504 Subsystem: 1458:407B
1005  |Info:    Registering I2C interface: /dev/i2c-1 Device 10DE:2504 Subsystem: 1458:407B
1005  |Info:    Registering I2C interface: /dev/i2c-6 Device 1022:790B Subsystem: 1462:7D14
1005  |Info:    Registering I2C interface: /dev/i2c-4 Device 10DE:2504 Subsystem: 1458:407B
1005  |Info:    Registering I2C interface: /dev/i2c-2 Device 10DE:2504 Subsystem: 1458:407B
1005  |Info:    Registering I2C interface: /dev/i2c-0 Device 10DE:2504 Subsystem: 1458:407B
1005  |Info:    Registering I2C interface: /dev/i2c-7 Device 1022:790B Subsystem: 1462:7D14
1005  |Info:    Registering I2C interface: /dev/i2c-5 Device 1022:790B Subsystem: 1462:7D14
1005  |Info:    ------------------------------------------------------
1005  |Info:    |               Detecting I2C devices                |
1005  |Info:    ------------------------------------------------------
1302  |Info:    [ENE DRAM] Registering RGB controller
1454  |Info:    [ENE DRAM] Registering RGB controller
2063  |Info:    ------------------------------------------------------
2063  |Info:    |               Detecting I2C PCI devices            |
2063  |Info:    ------------------------------------------------------
2151  |Info:    [Gigabyte AORUS RTX3060 ELITE 12G] Registering RGB controller
2194  |Info:    [Gigabyte AORUS RTX3060 ELITE 12G] Registering RGB controller
2194  |Info:    ------------------------------------------------------
2194  |Info:    |               Detecting HID devices                |
2194  |Info:    ------------------------------------------------------
2194  |Info:    ------------------------------------------------------
2194  |Info:    |              Detecting other devices               |
2194  |Info:    ------------------------------------------------------
2198  |Info:    ------------------------------------------------------
2198  |Info:    |                Detection completed                 |
2198  |Info:    ------------------------------------------------------
