    OpenRGB v0.8
    Commit:  from 
    Launched: 20230516_090218
====================================================================================================

1001  |Info:    ------------------------------------------------------
1001  |Info:    |               Start device detection               |
1001  |Info:    ------------------------------------------------------
1001  |Info:    Initializing HID interfaces: Success
1005  |Info:    ------------------------------------------------------
1005  |Info:    |             Detecting I2C interfaces               |
1005  |Info:    ------------------------------------------------------
1007  |Info:    Registering I2C interface: /dev/i2c-3 Device 10DE:2504 Subsystem: 1458:407B
1008  |Info:    Registering I2C interface: /dev/i2c-6 Device 1022:790B Subsystem: 1462:7D14
1008  |Info:    Registering I2C interface: /dev/i2c-2 Device 10DE:2504 Subsystem: 1458:407B
1008  |Info:    Registering I2C interface: /dev/i2c-7 Device 1022:790B Subsystem: 1462:7D14
1008  |Info:    ------------------------------------------------------
1008  |Info:    |               Detecting I2C devices                |
1008  |Info:    ------------------------------------------------------
1398  |Info:    ------------------------------------------------------
1398  |Info:    |               Detecting I2C PCI devices            |
1398  |Info:    ------------------------------------------------------
1399  |Info:    ------------------------------------------------------
1399  |Info:    |               Detecting HID devices                |
1399  |Info:    ------------------------------------------------------
1399  |Info:    ------------------------------------------------------
1399  |Info:    |              Detecting other devices               |
1399  |Info:    ------------------------------------------------------
1402  |Info:    ------------------------------------------------------
1402  |Info:    |                Detection completed                 |
1402  |Info:    ------------------------------------------------------
1402  |Dialog:  <h2>WARNING:</h2><p>One or more I2C/SMBus interfaces failed to initialize.</p><p>RGB DRAM modules and some motherboards' onboard RGB lighting will not be available without I2C/SMBus.</p><p>On Linux, this is usually because the i2c-dev module is not loaded.  You must load the i2c-dev module along with the correct i2c driver for your motherboard.  This is usually i2c-piix4 for AMD systems and i2c-i801 for Intel systems.</p><p>See <a href='https://help.openrgb.org/'>help.openrgb.org</a> for additional troubleshooting steps if you keep seeing this message.<br></p>
