    OpenRGB v0.8
    Commit:  from 
    Launched: 20230523_084356
====================================================================================================

0     |Info:    Found file: RGB ZBI.orp attempting to validate header
0     |Info:    Valid v3 profile found for RGB ZBI
1001  |Info:    ------------------------------------------------------
1001  |Info:    |               Start device detection               |
1001  |Info:    ------------------------------------------------------
1001  |Info:    Initializing HID interfaces: Success
1004  |Info:    ------------------------------------------------------
1004  |Info:    |             Detecting I2C interfaces               |
1004  |Info:    ------------------------------------------------------
1004  |Info:    Registering I2C interface: /dev/i2c-3 Device 10DE:2504 Subsystem: 1458:407B
1004  |Info:    Registering I2C interface: /dev/i2c-1 Device 10DE:2504 Subsystem: 1458:407B
1004  |Info:    Registering I2C interface: /dev/i2c-6 Device 1022:790B Subsystem: 1462:7D14
1004  |Info:    Registering I2C interface: /dev/i2c-4 Device 10DE:2504 Subsystem: 1458:407B
1004  |Info:    Registering I2C interface: /dev/i2c-2 Device 10DE:2504 Subsystem: 1458:407B
1004  |Info:    Registering I2C interface: /dev/i2c-0 Device 10DE:2504 Subsystem: 1458:407B
1004  |Info:    Registering I2C interface: /dev/i2c-7 Device 1022:790B Subsystem: 1462:7D14
1004  |Info:    Registering I2C interface: /dev/i2c-5 Device 1022:790B Subsystem: 1462:7D14
1004  |Info:    ------------------------------------------------------
1004  |Info:    |               Detecting I2C devices                |
1004  |Info:    ------------------------------------------------------
1300  |Info:    [ENE DRAM] Registering RGB controller
1453  |Info:    [ENE DRAM] Registering RGB controller
2061  |Info:    ------------------------------------------------------
2061  |Info:    |               Detecting I2C PCI devices            |
2061  |Info:    ------------------------------------------------------
2150  |Info:    [Gigabyte AORUS RTX3060 ELITE 12G] Registering RGB controller
2196  |Info:    [Gigabyte AORUS RTX3060 ELITE 12G] Registering RGB controller
2196  |Info:    ------------------------------------------------------
2196  |Info:    |               Detecting HID devices                |
2196  |Info:    ------------------------------------------------------
2196  |Info:    ------------------------------------------------------
2196  |Info:    |              Detecting other devices               |
2196  |Info:    ------------------------------------------------------
2200  |Info:    ------------------------------------------------------
2200  |Info:    |                Detection completed                 |
2200  |Info:    ------------------------------------------------------
22317 |Info:    Profile loading: Succeeded for ENE DRAM @ I2C: /dev/i2c-5, address 0x70
22317 |Info:    Profile loading: Succeeded for ENE DRAM @ I2C: /dev/i2c-5, address 0x71
22317 |Info:    Profile loading: Succeeded for Gigabyte AORUS RTX3060 ELITE 12G @ I2C: /dev/i2c-4, address 0x70
22317 |Info:    Profile loading: Succeeded for Gigabyte AORUS RTX3060 ELITE 12G @ I2C: /dev/i2c-0, address 0x70
60852 |Info:    Found file: RGB ZBI.orp attempting to validate header
60852 |Info:    Valid v3 profile found for RGB ZBI
