    OpenRGB v0.8
    Commit:  from 
    Launched: 20230517_131340
====================================================================================================

0     |Info:    Found file: RGB ZBI.orp attempting to validate header
0     |Info:    Valid v3 profile found for RGB ZBI
1001  |Info:    ------------------------------------------------------
1001  |Info:    |               Start device detection               |
1001  |Info:    ------------------------------------------------------
1001  |Info:    Initializing HID interfaces: Success
1004  |Info:    ------------------------------------------------------
1004  |Info:    |             Detecting I2C interfaces               |
1004  |Info:    ------------------------------------------------------
1005  |Info:    Registering I2C interface: /dev/i2c-3 Device 10DE:2504 Subsystem: 1458:407B
1005  |Info:    Registering I2C interface: /dev/i2c-1 Device 10DE:2504 Subsystem: 1458:407B
1005  |Info:    Registering I2C interface: /dev/i2c-6 Device 1022:790B Subsystem: 1462:7D14
1005  |Info:    Registering I2C interface: /dev/i2c-4 Device 10DE:2504 Subsystem: 1458:407B
1005  |Info:    Registering I2C interface: /dev/i2c-2 Device 10DE:2504 Subsystem: 1458:407B
1005  |Info:    Registering I2C interface: /dev/i2c-0 Device 10DE:2504 Subsystem: 1458:407B
1005  |Info:    Registering I2C interface: /dev/i2c-7 Device 1022:790B Subsystem: 1462:7D14
1005  |Info:    Registering I2C interface: /dev/i2c-5 Device 1022:790B Subsystem: 1462:7D14
1005  |Info:    ------------------------------------------------------
1005  |Info:    |               Detecting I2C devices                |
1005  |Info:    ------------------------------------------------------
1308  |Info:    [ENE DRAM] Registering RGB controller
1463  |Info:    [ENE DRAM] Registering RGB controller
2124  |Info:    ------------------------------------------------------
2124  |Info:    |               Detecting I2C PCI devices            |
2124  |Info:    ------------------------------------------------------
2213  |Info:    [Gigabyte AORUS RTX3060 ELITE 12G] Registering RGB controller
2259  |Info:    [Gigabyte AORUS RTX3060 ELITE 12G] Registering RGB controller
2260  |Info:    ------------------------------------------------------
2260  |Info:    |               Detecting HID devices                |
2260  |Info:    ------------------------------------------------------
2260  |Info:    ------------------------------------------------------
2260  |Info:    |              Detecting other devices               |
2260  |Info:    ------------------------------------------------------
2263  |Info:    ------------------------------------------------------
2263  |Info:    |                Detection completed                 |
2263  |Info:    ------------------------------------------------------
8703  |Info:    Profile loading: Succeeded for ENE DRAM @ I2C: /dev/i2c-5, address 0x39
8703  |Info:    Profile loading: Succeeded for ENE DRAM @ I2C: /dev/i2c-5, address 0x3A
8703  |Info:    Profile loading: Succeeded for Gigabyte AORUS RTX3060 ELITE 12G @ I2C: /dev/i2c-4, address 0x70
8703  |Info:    Profile loading: Succeeded for Gigabyte AORUS RTX3060 ELITE 12G @ I2C: /dev/i2c-0, address 0x70
13760 |Info:    Profile loading: Succeeded for ENE DRAM @ I2C: /dev/i2c-5, address 0x39
13760 |Info:    Profile loading: Succeeded for ENE DRAM @ I2C: /dev/i2c-5, address 0x3A
13760 |Info:    Profile loading: Succeeded for Gigabyte AORUS RTX3060 ELITE 12G @ I2C: /dev/i2c-4, address 0x70
13760 |Info:    Profile loading: Succeeded for Gigabyte AORUS RTX3060 ELITE 12G @ I2C: /dev/i2c-0, address 0x70
