    OpenRGB v0.8
    Commit:  from 
    Launched: 20230521_104355
====================================================================================================

0     |Info:    Found file: RGB ZBI.orp attempting to validate header
0     |Info:    Valid v3 profile found for RGB ZBI
1001  |Info:    ------------------------------------------------------
1001  |Info:    |               Start device detection               |
1001  |Info:    ------------------------------------------------------
1001  |Info:    Initializing HID interfaces: Success
1004  |Info:    ------------------------------------------------------
1004  |Info:    |             Detecting I2C interfaces               |
1004  |Info:    ------------------------------------------------------
1005  |Info:    Registering I2C interface: /dev/i2c-3 Device 10DE:2504 Subsystem: 1458:407B
1005  |Info:    Registering I2C interface: /dev/i2c-1 Device 10DE:2504 Subsystem: 1458:407B
1005  |Info:    Registering I2C interface: /dev/i2c-6 Device 1022:790B Subsystem: 1462:7D14
1005  |Info:    Registering I2C interface: /dev/i2c-4 Device 10DE:2504 Subsystem: 1458:407B
1005  |Info:    Registering I2C interface: /dev/i2c-2 Device 10DE:2504 Subsystem: 1458:407B
1005  |Info:    Registering I2C interface: /dev/i2c-0 Device 10DE:2504 Subsystem: 1458:407B
1005  |Info:    Registering I2C interface: /dev/i2c-7 Device 1022:790B Subsystem: 1462:7D14
1005  |Info:    Registering I2C interface: /dev/i2c-5 Device 1022:790B Subsystem: 1462:7D14
1005  |Info:    ------------------------------------------------------
1005  |Info:    |               Detecting I2C devices                |
1005  |Info:    ------------------------------------------------------
1268  |Info:    [ENE DRAM] Registering RGB controller
1421  |Info:    [ENE DRAM] Registering RGB controller
2030  |Info:    ------------------------------------------------------
2030  |Info:    |               Detecting I2C PCI devices            |
2030  |Info:    ------------------------------------------------------
2118  |Info:    [Gigabyte AORUS RTX3060 ELITE 12G] Registering RGB controller
2161  |Info:    [Gigabyte AORUS RTX3060 ELITE 12G] Registering RGB controller
2161  |Info:    ------------------------------------------------------
2161  |Info:    |               Detecting HID devices                |
2161  |Info:    ------------------------------------------------------
2162  |Info:    ------------------------------------------------------
2162  |Info:    |              Detecting other devices               |
2162  |Info:    ------------------------------------------------------
2165  |Info:    ------------------------------------------------------
2165  |Info:    |                Detection completed                 |
2165  |Info:    ------------------------------------------------------
6343  |Info:    Profile loading: FAILED! for ENE DRAM @ I2C: /dev/i2c-5, address 0x70
6343  |Info:    Profile loading: FAILED! for ENE DRAM @ I2C: /dev/i2c-5, address 0x71
6343  |Info:    Profile loading: Succeeded for Gigabyte AORUS RTX3060 ELITE 12G @ I2C: /dev/i2c-4, address 0x70
6343  |Info:    Profile loading: Succeeded for Gigabyte AORUS RTX3060 ELITE 12G @ I2C: /dev/i2c-0, address 0x70
8125  |Info:    Profile loading: FAILED! for ENE DRAM @ I2C: /dev/i2c-5, address 0x70
8125  |Info:    Profile loading: FAILED! for ENE DRAM @ I2C: /dev/i2c-5, address 0x71
8125  |Info:    Profile loading: Succeeded for Gigabyte AORUS RTX3060 ELITE 12G @ I2C: /dev/i2c-4, address 0x70
8125  |Info:    Profile loading: Succeeded for Gigabyte AORUS RTX3060 ELITE 12G @ I2C: /dev/i2c-0, address 0x70
10079 |Info:    Profile loading: FAILED! for ENE DRAM @ I2C: /dev/i2c-5, address 0x70
10079 |Info:    Profile loading: FAILED! for ENE DRAM @ I2C: /dev/i2c-5, address 0x71
10079 |Info:    Profile loading: Succeeded for Gigabyte AORUS RTX3060 ELITE 12G @ I2C: /dev/i2c-4, address 0x70
10079 |Info:    Profile loading: Succeeded for Gigabyte AORUS RTX3060 ELITE 12G @ I2C: /dev/i2c-0, address 0x70
13076 |Info:    Profile loading: FAILED! for ENE DRAM @ I2C: /dev/i2c-5, address 0x70
13076 |Info:    Profile loading: FAILED! for ENE DRAM @ I2C: /dev/i2c-5, address 0x71
13076 |Info:    Profile loading: Succeeded for Gigabyte AORUS RTX3060 ELITE 12G @ I2C: /dev/i2c-4, address 0x70
13076 |Info:    Profile loading: Succeeded for Gigabyte AORUS RTX3060 ELITE 12G @ I2C: /dev/i2c-0, address 0x70
