    OpenRGB v0.8
    Commit:  from 
    Launched: 20230516_090106
====================================================================================================

1001  |Info:    Saving detector settings
1002  |Info:    ------------------------------------------------------
1002  |Info:    |               Start device detection               |
1002  |Info:    ------------------------------------------------------
1002  |Info:    Initializing HID interfaces: Success
1005  |Info:    ------------------------------------------------------
1005  |Info:    |             Detecting I2C interfaces               |
1005  |Info:    ------------------------------------------------------
1005  |Info:    Registering I2C interface: /dev/i2c-3 Device 10DE:2504 Subsystem: 1458:407B
1005  |Info:    Registering I2C interface: /dev/i2c-6 Device 1022:790B Subsystem: 1462:7D14
1005  |Info:    Registering I2C interface: /dev/i2c-2 Device 10DE:2504 Subsystem: 1458:407B
1005  |Info:    Registering I2C interface: /dev/i2c-7 Device 1022:790B Subsystem: 1462:7D14
1005  |Info:    ------------------------------------------------------
1005  |Info:    |               Detecting I2C devices                |
1005  |Info:    ------------------------------------------------------
1396  |Info:    ------------------------------------------------------
1396  |Info:    |               Detecting I2C PCI devices            |
1396  |Info:    ------------------------------------------------------
1397  |Info:    ------------------------------------------------------
1397  |Info:    |               Detecting HID devices                |
1397  |Info:    ------------------------------------------------------
1397  |Info:    ------------------------------------------------------
1397  |Info:    |              Detecting other devices               |
1397  |Info:    ------------------------------------------------------
1404  |Info:    ------------------------------------------------------
1404  |Info:    |                Detection completed                 |
1404  |Info:    ------------------------------------------------------
1404  |Dialog:  <h2>WARNING:</h2><p>One or more I2C/SMBus interfaces failed to initialize.</p><p>RGB DRAM modules and some motherboards' onboard RGB lighting will not be available without I2C/SMBus.</p><p>On Linux, this is usually because the i2c-dev module is not loaded.  You must load the i2c-dev module along with the correct i2c driver for your motherboard.  This is usually i2c-piix4 for AMD systems and i2c-i801 for Intel systems.</p><p>See <a href='https://help.openrgb.org/'>help.openrgb.org</a> for additional troubleshooting steps if you keep seeing this message.<br></p>
17148 |Info:    ------------------------------------------------------
17148 |Info:    |               Start device detection               |
17148 |Info:    ------------------------------------------------------
17148 |Info:    Initializing HID interfaces: Success
17151 |Info:    ------------------------------------------------------
17151 |Info:    |             Detecting I2C interfaces               |
17151 |Info:    ------------------------------------------------------
17151 |Info:    Registering I2C interface: /dev/i2c-3 Device 10DE:2504 Subsystem: 1458:407B
17151 |Info:    Registering I2C interface: /dev/i2c-6 Device 1022:790B Subsystem: 1462:7D14
17151 |Info:    Registering I2C interface: /dev/i2c-2 Device 10DE:2504 Subsystem: 1458:407B
17151 |Info:    Registering I2C interface: /dev/i2c-7 Device 1022:790B Subsystem: 1462:7D14
17151 |Info:    ------------------------------------------------------
17151 |Info:    |               Detecting I2C devices                |
17151 |Info:    ------------------------------------------------------
17542 |Info:    ------------------------------------------------------
17542 |Info:    |               Detecting I2C PCI devices            |
17542 |Info:    ------------------------------------------------------
17543 |Info:    ------------------------------------------------------
17543 |Info:    |               Detecting HID devices                |
17543 |Info:    ------------------------------------------------------
17543 |Info:    ------------------------------------------------------
17543 |Info:    |              Detecting other devices               |
17543 |Info:    ------------------------------------------------------
17543 |Info:    ------------------------------------------------------
17543 |Info:    |                Detection completed                 |
17543 |Info:    ------------------------------------------------------
17543 |Dialog:  <h2>WARNING:</h2><p>One or more I2C/SMBus interfaces failed to initialize.</p><p>RGB DRAM modules and some motherboards' onboard RGB lighting will not be available without I2C/SMBus.</p><p>On Linux, this is usually because the i2c-dev module is not loaded.  You must load the i2c-dev module along with the correct i2c driver for your motherboard.  This is usually i2c-piix4 for AMD systems and i2c-i801 for Intel systems.</p><p>See <a href='https://help.openrgb.org/'>help.openrgb.org</a> for additional troubleshooting steps if you keep seeing this message.<br></p>
