    OpenRGB v0.8
    Commit:  from 
    Launched: 20230517_131200
====================================================================================================

1001  |Info:    ------------------------------------------------------
1001  |Info:    |               Start device detection               |
1001  |Info:    ------------------------------------------------------
1001  |Info:    Initializing HID interfaces: Success
1004  |Info:    ------------------------------------------------------
1004  |Info:    |             Detecting I2C interfaces               |
1004  |Info:    ------------------------------------------------------
1005  |Info:    Registering I2C interface: /dev/i2c-3 Device 10DE:2504 Subsystem: 1458:407B
1005  |Info:    Registering I2C interface: /dev/i2c-1 Device 10DE:2504 Subsystem: 1458:407B
1005  |Info:    Registering I2C interface: /dev/i2c-6 Device 1022:790B Subsystem: 1462:7D14
1005  |Info:    Registering I2C interface: /dev/i2c-4 Device 10DE:2504 Subsystem: 1458:407B
1005  |Info:    Registering I2C interface: /dev/i2c-2 Device 10DE:2504 Subsystem: 1458:407B
1005  |Info:    Registering I2C interface: /dev/i2c-0 Device 10DE:2504 Subsystem: 1458:407B
1005  |Info:    Registering I2C interface: /dev/i2c-7 Device 1022:790B Subsystem: 1462:7D14
1005  |Info:    Registering I2C interface: /dev/i2c-5 Device 1022:790B Subsystem: 1462:7D14
1005  |Info:    ------------------------------------------------------
1005  |Info:    |               Detecting I2C devices                |
1005  |Info:    ------------------------------------------------------
1305  |Info:    [ENE DRAM] Registering RGB controller
1458  |Info:    [ENE DRAM] Registering RGB controller
2118  |Info:    ------------------------------------------------------
2118  |Info:    |               Detecting I2C PCI devices            |
2118  |Info:    ------------------------------------------------------
2208  |Info:    [Gigabyte AORUS RTX3060 ELITE 12G] Registering RGB controller
2254  |Info:    [Gigabyte AORUS RTX3060 ELITE 12G] Registering RGB controller
2255  |Info:    ------------------------------------------------------
2255  |Info:    |               Detecting HID devices                |
2255  |Info:    ------------------------------------------------------
2255  |Info:    ------------------------------------------------------
2255  |Info:    |              Detecting other devices               |
2255  |Info:    ------------------------------------------------------
2259  |Info:    ------------------------------------------------------
2259  |Info:    |                Detection completed                 |
2259  |Info:    ------------------------------------------------------
39494 |Info:    Found file: RGB ZBI.orp attempting to validate header
39494 |Info:    Valid v3 profile found for RGB ZBI
43948 |Info:    Profile loading: Succeeded for ENE DRAM @ I2C: /dev/i2c-5, address 0x39
43948 |Info:    Profile loading: Succeeded for ENE DRAM @ I2C: /dev/i2c-5, address 0x3A
43948 |Info:    Profile loading: Succeeded for Gigabyte AORUS RTX3060 ELITE 12G @ I2C: /dev/i2c-4, address 0x70
43948 |Info:    Profile loading: Succeeded for Gigabyte AORUS RTX3060 ELITE 12G @ I2C: /dev/i2c-0, address 0x70
