    OpenRGB v0.8
    Commit:  from 
    Launched: 20230516_110328
====================================================================================================

1001  |Info:    ------------------------------------------------------
1001  |Info:    |               Start device detection               |
1001  |Info:    ------------------------------------------------------
1001  |Info:    Initializing HID interfaces: Success
1004  |Info:    ------------------------------------------------------
1004  |Info:    |             Detecting I2C interfaces               |
1004  |Info:    ------------------------------------------------------
1006  |Info:    Registering I2C interface: /dev/i2c-3 Device 10DE:2504 Subsystem: 1458:407B
1007  |Info:    Registering I2C interface: /dev/i2c-1 Device 10DE:2504 Subsystem: 1458:407B
1007  |Info:    Registering I2C interface: /dev/i2c-6 Device 1022:790B Subsystem: 1462:7D14
1007  |Info:    Registering I2C interface: /dev/i2c-4 Device 10DE:2504 Subsystem: 1458:407B
1007  |Info:    Registering I2C interface: /dev/i2c-2 Device 10DE:2504 Subsystem: 1458:407B
1007  |Info:    Registering I2C interface: /dev/i2c-0 Device 10DE:2504 Subsystem: 1458:407B
1007  |Info:    Registering I2C interface: /dev/i2c-7 Device 1022:790B Subsystem: 1462:7D14
1007  |Info:    Registering I2C interface: /dev/i2c-5 Device 1022:790B Subsystem: 1462:7D14
1007  |Info:    ------------------------------------------------------
1007  |Info:    |               Detecting I2C devices                |
1007  |Info:    ------------------------------------------------------
1271  |Info:    [ENE DRAM] Registering RGB controller
1424  |Info:    [ENE DRAM] Registering RGB controller
2032  |Info:    ------------------------------------------------------
2032  |Info:    |               Detecting I2C PCI devices            |
2032  |Info:    ------------------------------------------------------
2123  |Info:    [Gigabyte AORUS RTX3060 ELITE 12G] Registering RGB controller
2167  |Info:    [Gigabyte AORUS RTX3060 ELITE 12G] Registering RGB controller
2168  |Info:    ------------------------------------------------------
2168  |Info:    |               Detecting HID devices                |
2168  |Info:    ------------------------------------------------------
2168  |Info:    ------------------------------------------------------
2168  |Info:    |              Detecting other devices               |
2168  |Info:    ------------------------------------------------------
2172  |Info:    ------------------------------------------------------
2172  |Info:    |                Detection completed                 |
2172  |Info:    ------------------------------------------------------
