    OpenRGB v0.8
    Commit:  from 
    Launched: 20230516_103006
====================================================================================================

1001  |Info:    ------------------------------------------------------
1001  |Info:    |               Start device detection               |
1001  |Info:    ------------------------------------------------------
1001  |Info:    Initializing HID interfaces: Success
1004  |Info:    ------------------------------------------------------
1004  |Info:    |             Detecting I2C interfaces               |
1004  |Info:    ------------------------------------------------------
1005  |Info:    Registering I2C interface: /dev/i2c-3 Device 10DE:2504 Subsystem: 1458:407B
1005  |Info:    Registering I2C interface: /dev/i2c-1 Device 10DE:2504 Subsystem: 1458:407B
1006  |Info:    Registering I2C interface: /dev/i2c-6 Device 1022:790B Subsystem: 1462:7D14
1006  |Info:    Registering I2C interface: /dev/i2c-4 Device 10DE:2504 Subsystem: 1458:407B
1006  |Info:    Registering I2C interface: /dev/i2c-2 Device 10DE:2504 Subsystem: 1458:407B
1006  |Info:    Registering I2C interface: /dev/i2c-0 Device 10DE:2504 Subsystem: 1458:407B
1006  |Info:    Registering I2C interface: /dev/i2c-7 Device 1022:790B Subsystem: 1462:7D14
1006  |Info:    Registering I2C interface: /dev/i2c-5 Device 1022:790B Subsystem: 1462:7D14
1006  |Info:    ------------------------------------------------------
1006  |Info:    |               Detecting I2C devices                |
1006  |Info:    ------------------------------------------------------
1307  |Info:    [ENE DRAM] Registering RGB controller
1468  |Info:    [ENE DRAM] Registering RGB controller
2078  |Info:    ------------------------------------------------------
2078  |Info:    |               Detecting I2C PCI devices            |
2078  |Info:    ------------------------------------------------------
2167  |Info:    [Gigabyte AORUS RTX3060 ELITE 12G] Registering RGB controller
2211  |Info:    [Gigabyte AORUS RTX3060 ELITE 12G] Registering RGB controller
2212  |Info:    ------------------------------------------------------
2212  |Info:    |               Detecting HID devices                |
2212  |Info:    ------------------------------------------------------
2212  |Info:    ------------------------------------------------------
2212  |Info:    |              Detecting other devices               |
2212  |Info:    ------------------------------------------------------
2215  |Info:    ------------------------------------------------------
2215  |Info:    |                Detection completed                 |
2215  |Info:    ------------------------------------------------------
