    OpenRGB v0.8
    Commit:  from 
    Launched: 20230522_105903
====================================================================================================

0     |Info:    Found file: RGB ZBI.orp attempting to validate header
0     |Info:    Valid v3 profile found for RGB ZBI
1001  |Info:    ------------------------------------------------------
1001  |Info:    |               Start device detection               |
1001  |Info:    ------------------------------------------------------
1001  |Info:    Initializing HID interfaces: Success
1006  |Info:    ------------------------------------------------------
1006  |Info:    |             Detecting I2C interfaces               |
1006  |Info:    ------------------------------------------------------
1006  |Info:    Registering I2C interface: /dev/i2c-3 Device 10DE:2504 Subsystem: 1458:407B
1006  |Info:    Registering I2C interface: /dev/i2c-1 Device 10DE:2504 Subsystem: 1458:407B
1006  |Info:    Registering I2C interface: /dev/i2c-6 Device 1022:790B Subsystem: 1462:7D14
1006  |Info:    Registering I2C interface: /dev/i2c-4 Device 10DE:2504 Subsystem: 1458:407B
1006  |Info:    Registering I2C interface: /dev/i2c-2 Device 10DE:2504 Subsystem: 1458:407B
1006  |Info:    Registering I2C interface: /dev/i2c-0 Device 10DE:2504 Subsystem: 1458:407B
1006  |Info:    Registering I2C interface: /dev/i2c-7 Device 1022:790B Subsystem: 1462:7D14
1006  |Info:    Registering I2C interface: /dev/i2c-5 Device 1022:790B Subsystem: 1462:7D14
1006  |Info:    ------------------------------------------------------
1006  |Info:    |               Detecting I2C devices                |
1006  |Info:    ------------------------------------------------------
1306  |Info:    [ENE DRAM] Registering RGB controller
1461  |Info:    [ENE DRAM] Registering RGB controller
2069  |Info:    ------------------------------------------------------
2069  |Info:    |               Detecting I2C PCI devices            |
2069  |Info:    ------------------------------------------------------
2155  |Info:    [Gigabyte AORUS RTX3060 ELITE 12G] Registering RGB controller
2200  |Info:    [Gigabyte AORUS RTX3060 ELITE 12G] Registering RGB controller
2200  |Info:    ------------------------------------------------------
2200  |Info:    |               Detecting HID devices                |
2200  |Info:    ------------------------------------------------------
2200  |Info:    ------------------------------------------------------
2200  |Info:    |              Detecting other devices               |
2200  |Info:    ------------------------------------------------------
2203  |Info:    ------------------------------------------------------
2203  |Info:    |                Detection completed                 |
2203  |Info:    ------------------------------------------------------
4037  |Info:    Profile loading: Succeeded for ENE DRAM @ I2C: /dev/i2c-5, address 0x70
4037  |Info:    Profile loading: Succeeded for ENE DRAM @ I2C: /dev/i2c-5, address 0x71
4037  |Info:    Profile loading: Succeeded for Gigabyte AORUS RTX3060 ELITE 12G @ I2C: /dev/i2c-4, address 0x70
4037  |Info:    Profile loading: Succeeded for Gigabyte AORUS RTX3060 ELITE 12G @ I2C: /dev/i2c-0, address 0x70
