    OpenRGB v0.8
    Commit:  from 
    Launched: 20230516_102843
====================================================================================================

1001  |Info:    ------------------------------------------------------
1001  |Info:    |               Start device detection               |
1001  |Info:    ------------------------------------------------------
1001  |Info:    Initializing HID interfaces: Success
1004  |Info:    ------------------------------------------------------
1004  |Info:    |             Detecting I2C interfaces               |
1004  |Info:    ------------------------------------------------------
1008  |Info:    Registering I2C interface: /dev/i2c-3 Device 10DE:2504 Subsystem: 1458:407B
1008  |Info:    Registering I2C interface: /dev/i2c-6 Device 1022:790B Subsystem: 1462:7D14
1008  |Info:    Registering I2C interface: /dev/i2c-2 Device 10DE:2504 Subsystem: 1458:407B
1008  |Info:    Registering I2C interface: /dev/i2c-7 Device 1022:790B Subsystem: 1462:7D14
1008  |Info:    ------------------------------------------------------
1008  |Info:    |               Detecting I2C devices                |
1008  |Info:    ------------------------------------------------------
1399  |Info:    ------------------------------------------------------
1399  |Info:    |               Detecting I2C PCI devices            |
1399  |Info:    ------------------------------------------------------
1399  |Info:    ------------------------------------------------------
1399  |Info:    |               Detecting HID devices                |
1399  |Info:    ------------------------------------------------------
1399  |Info:    ------------------------------------------------------
1399  |Info:    |              Detecting other devices               |
1399  |Info:    ------------------------------------------------------
1403  |Info:    ------------------------------------------------------
1403  |Info:    |                Detection completed                 |
1403  |Info:    ------------------------------------------------------
1403  |Dialog:  <h2>WARNING:</h2><p>One or more I2C/SMBus interfaces failed to initialize.</p><p>RGB DRAM modules and some motherboards' onboard RGB lighting will not be available without I2C/SMBus.</p><p>On Linux, this is usually because the i2c-dev module is not loaded.  You must load the i2c-dev module along with the correct i2c driver for your motherboard.  This is usually i2c-piix4 for AMD systems and i2c-i801 for Intel systems.</p><p>See <a href='https://help.openrgb.org/'>help.openrgb.org</a> for additional troubleshooting steps if you keep seeing this message.<br></p>
4343  |Info:    ------------------------------------------------------
4343  |Info:    |               Start device detection               |
4343  |Info:    ------------------------------------------------------
4343  |Info:    Initializing HID interfaces: Success
4346  |Info:    ------------------------------------------------------
4346  |Info:    |             Detecting I2C interfaces               |
4346  |Info:    ------------------------------------------------------
4346  |Info:    Registering I2C interface: /dev/i2c-3 Device 10DE:2504 Subsystem: 1458:407B
4346  |Info:    Registering I2C interface: /dev/i2c-6 Device 1022:790B Subsystem: 1462:7D14
4346  |Info:    Registering I2C interface: /dev/i2c-2 Device 10DE:2504 Subsystem: 1458:407B
4346  |Info:    Registering I2C interface: /dev/i2c-7 Device 1022:790B Subsystem: 1462:7D14
4346  |Info:    ------------------------------------------------------
4346  |Info:    |               Detecting I2C devices                |
4346  |Info:    ------------------------------------------------------
4737  |Info:    ------------------------------------------------------
4737  |Info:    |               Detecting I2C PCI devices            |
4737  |Info:    ------------------------------------------------------
4738  |Info:    ------------------------------------------------------
4738  |Info:    |               Detecting HID devices                |
4738  |Info:    ------------------------------------------------------
4738  |Info:    ------------------------------------------------------
4738  |Info:    |              Detecting other devices               |
4738  |Info:    ------------------------------------------------------
4739  |Info:    ------------------------------------------------------
4739  |Info:    |                Detection completed                 |
4739  |Info:    ------------------------------------------------------
4739  |Dialog:  <h2>WARNING:</h2><p>One or more I2C/SMBus interfaces failed to initialize.</p><p>RGB DRAM modules and some motherboards' onboard RGB lighting will not be available without I2C/SMBus.</p><p>On Linux, this is usually because the i2c-dev module is not loaded.  You must load the i2c-dev module along with the correct i2c driver for your motherboard.  This is usually i2c-piix4 for AMD systems and i2c-i801 for Intel systems.</p><p>See <a href='https://help.openrgb.org/'>help.openrgb.org</a> for additional troubleshooting steps if you keep seeing this message.<br></p>
39149 |Info:    ------------------------------------------------------
39149 |Info:    |               Start device detection               |
39149 |Info:    ------------------------------------------------------
39150 |Info:    Initializing HID interfaces: Success
39152 |Info:    ------------------------------------------------------
39152 |Info:    |             Detecting I2C interfaces               |
39152 |Info:    ------------------------------------------------------
39152 |Info:    Registering I2C interface: /dev/i2c-3 Device 10DE:2504 Subsystem: 1458:407B
39152 |Info:    Registering I2C interface: /dev/i2c-6 Device 1022:790B Subsystem: 1462:7D14
39152 |Info:    Registering I2C interface: /dev/i2c-2 Device 10DE:2504 Subsystem: 1458:407B
39152 |Info:    Registering I2C interface: /dev/i2c-7 Device 1022:790B Subsystem: 1462:7D14
39152 |Info:    ------------------------------------------------------
39152 |Info:    |               Detecting I2C devices                |
39153 |Info:    ------------------------------------------------------
39543 |Info:    ------------------------------------------------------
39543 |Info:    |               Detecting I2C PCI devices            |
39543 |Info:    ------------------------------------------------------
39544 |Info:    ------------------------------------------------------
39544 |Info:    |               Detecting HID devices                |
39544 |Info:    ------------------------------------------------------
39544 |Info:    ------------------------------------------------------
39544 |Info:    |              Detecting other devices               |
39544 |Info:    ------------------------------------------------------
39544 |Info:    ------------------------------------------------------
39544 |Info:    |                Detection completed                 |
39544 |Info:    ------------------------------------------------------
39544 |Dialog:  <h2>WARNING:</h2><p>One or more I2C/SMBus interfaces failed to initialize.</p><p>RGB DRAM modules and some motherboards' onboard RGB lighting will not be available without I2C/SMBus.</p><p>On Linux, this is usually because the i2c-dev module is not loaded.  You must load the i2c-dev module along with the correct i2c driver for your motherboard.  This is usually i2c-piix4 for AMD systems and i2c-i801 for Intel systems.</p><p>See <a href='https://help.openrgb.org/'>help.openrgb.org</a> for additional troubleshooting steps if you keep seeing this message.<br></p>
