    OpenRGB v0.8
    Commit:  from 
    Launched: 20230517_151359
====================================================================================================

0     |Info:    Found file: RGB ZBI.orp attempting to validate header
0     |Info:    Valid v3 profile found for RGB ZBI
1001  |Info:    ------------------------------------------------------
1001  |Info:    |               Start device detection               |
1001  |Info:    ------------------------------------------------------
1001  |Info:    Initializing HID interfaces: Success
1004  |Info:    ------------------------------------------------------
1004  |Info:    |             Detecting I2C interfaces               |
1004  |Info:    ------------------------------------------------------
1005  |Info:    Registering I2C interface: /dev/i2c-3 Device 10DE:2504 Subsystem: 1458:407B
1005  |Info:    Registering I2C interface: /dev/i2c-1 Device 10DE:2504 Subsystem: 1458:407B
1005  |Info:    Registering I2C interface: /dev/i2c-6 Device 1022:790B Subsystem: 1462:7D14
1006  |Info:    Registering I2C interface: /dev/i2c-4 Device 10DE:2504 Subsystem: 1458:407B
1006  |Info:    Registering I2C interface: /dev/i2c-2 Device 10DE:2504 Subsystem: 1458:407B
1006  |Info:    Registering I2C interface: /dev/i2c-0 Device 10DE:2504 Subsystem: 1458:407B
1006  |Info:    Registering I2C interface: /dev/i2c-7 Device 1022:790B Subsystem: 1462:7D14
1006  |Info:    Registering I2C interface: /dev/i2c-5 Device 1022:790B Subsystem: 1462:7D14
1006  |Info:    ------------------------------------------------------
1006  |Info:    |               Detecting I2C devices                |
1006  |Info:    ------------------------------------------------------
1307  |Info:    [ENE DRAM] Registering RGB controller
1463  |Info:    [ENE DRAM] Registering RGB controller
2122  |Info:    ------------------------------------------------------
2122  |Info:    |               Detecting I2C PCI devices            |
2122  |Info:    ------------------------------------------------------
2212  |Info:    [Gigabyte AORUS RTX3060 ELITE 12G] Registering RGB controller
2258  |Info:    [Gigabyte AORUS RTX3060 ELITE 12G] Registering RGB controller
2258  |Info:    ------------------------------------------------------
2258  |Info:    |               Detecting HID devices                |
2258  |Info:    ------------------------------------------------------
2258  |Info:    ------------------------------------------------------
2258  |Info:    |              Detecting other devices               |
2258  |Info:    ------------------------------------------------------
2263  |Info:    ------------------------------------------------------
2263  |Info:    |                Detection completed                 |
2263  |Info:    ------------------------------------------------------
38458 |Info:    Profile loading: Succeeded for ENE DRAM @ I2C: /dev/i2c-5, address 0x39
38458 |Info:    Profile loading: Succeeded for ENE DRAM @ I2C: /dev/i2c-5, address 0x3A
38458 |Info:    Profile loading: Succeeded for Gigabyte AORUS RTX3060 ELITE 12G @ I2C: /dev/i2c-4, address 0x70
38458 |Info:    Profile loading: Succeeded for Gigabyte AORUS RTX3060 ELITE 12G @ I2C: /dev/i2c-0, address 0x70
66760 |Info:    Found file: RGB ZBI.orp attempting to validate header
66760 |Info:    Valid v3 profile found for RGB ZBI
70005 |Info:    Found file: RGB ZBI.orp attempting to validate header
70005 |Info:    Valid v3 profile found for RGB ZBI
70472 |Info:    Found file: RGB ZBI.orp attempting to validate header
70472 |Info:    Valid v3 profile found for RGB ZBI
72986 |Info:    Found file: RGB ZBI.orp attempting to validate header
72986 |Info:    Valid v3 profile found for RGB ZBI
74164 |Info:    Profile loading: Succeeded for ENE DRAM @ I2C: /dev/i2c-5, address 0x39
74164 |Info:    Profile loading: Succeeded for ENE DRAM @ I2C: /dev/i2c-5, address 0x3A
74164 |Info:    Profile loading: Succeeded for Gigabyte AORUS RTX3060 ELITE 12G @ I2C: /dev/i2c-4, address 0x70
74164 |Info:    Profile loading: Succeeded for Gigabyte AORUS RTX3060 ELITE 12G @ I2C: /dev/i2c-0, address 0x70
