    OpenRGB v0.8
    Commit:  from 
    Launched: 20230517_131326
====================================================================================================

0     |Info:    Found file: RGB ZBI.orp attempting to validate header
0     |Info:    Valid v3 profile found for RGB ZBI
1001  |Info:    ------------------------------------------------------
1001  |Info:    |               Start device detection               |
1001  |Info:    ------------------------------------------------------
1001  |Info:    Initializing HID interfaces: Success
1005  |Info:    ------------------------------------------------------
1005  |Info:    |             Detecting I2C interfaces               |
1005  |Info:    ------------------------------------------------------
1005  |Info:    Registering I2C interface: /dev/i2c-3 Device 10DE:2504 Subsystem: 1458:407B
1005  |Info:    Registering I2C interface: /dev/i2c-1 Device 10DE:2504 Subsystem: 1458:407B
1005  |Info:    Registering I2C interface: /dev/i2c-6 Device 1022:790B Subsystem: 1462:7D14
1005  |Info:    Registering I2C interface: /dev/i2c-4 Device 10DE:2504 Subsystem: 1458:407B
1005  |Info:    Registering I2C interface: /dev/i2c-2 Device 10DE:2504 Subsystem: 1458:407B
1005  |Info:    Registering I2C interface: /dev/i2c-0 Device 10DE:2504 Subsystem: 1458:407B
1005  |Info:    Registering I2C interface: /dev/i2c-7 Device 1022:790B Subsystem: 1462:7D14
1005  |Info:    Registering I2C interface: /dev/i2c-5 Device 1022:790B Subsystem: 1462:7D14
1005  |Info:    ------------------------------------------------------
1005  |Info:    |               Detecting I2C devices                |
1005  |Info:    ------------------------------------------------------
1305  |Info:    [ENE DRAM] Registering RGB controller
1458  |Info:    [ENE DRAM] Registering RGB controller
2117  |Info:    ------------------------------------------------------
2117  |Info:    |               Detecting I2C PCI devices            |
2117  |Info:    ------------------------------------------------------
2205  |Info:    [Gigabyte AORUS RTX3060 ELITE 12G] Registering RGB controller
2248  |Info:    [Gigabyte AORUS RTX3060 ELITE 12G] Registering RGB controller
2248  |Info:    ------------------------------------------------------
2248  |Info:    |               Detecting HID devices                |
2248  |Info:    ------------------------------------------------------
2248  |Info:    ------------------------------------------------------
2248  |Info:    |              Detecting other devices               |
2248  |Info:    ------------------------------------------------------
2252  |Info:    ------------------------------------------------------
2252  |Info:    |                Detection completed                 |
2252  |Info:    ------------------------------------------------------
