2023-05-28 00:42:13.144 [info] Log level: Info
2023-05-28 00:42:13.144 [info] Validating found git in: "git"
2023-05-28 00:42:13.144 [info] Using git "2.40.1" from "git"
2023-05-28 00:42:13.147 [info] > git rev-parse --show-toplevel [7ms]
2023-05-28 00:42:13.147 [info] fatal: not a git repository (or any parent up to mount point /)
Stopping at filesystem boundary (GIT_DISCOVERY_ACROSS_FILESYSTEM not set).
2023-05-28 00:42:13.158 [info] > git rev-parse --show-toplevel [7ms]
2023-05-28 00:42:13.158 [info] fatal: not a git repository (or any parent up to mount point /)
Stopping at filesystem boundary (GIT_DISCOVERY_ACROSS_FILESYSTEM not set).
2023-05-28 00:42:13.168 [info] > git rev-parse --show-toplevel [6ms]
2023-05-28 00:42:13.168 [info] fatal: not a git repository (or any parent up to mount point /)
Stopping at filesystem boundary (GIT_DISCOVERY_ACROSS_FILESYSTEM not set).
2023-05-28 00:42:13.171 [info] > git rev-parse --show-toplevel [0ms]
2023-05-28 00:42:13.171 [info] fatal: not a git repository (or any parent up to mount point /)
Stopping at filesystem boundary (GIT_DISCOVERY_ACROSS_FILESYSTEM not set).
2023-05-28 00:42:13.175 [info] > git rev-parse --show-toplevel [0ms]
2023-05-28 00:42:13.175 [info] fatal: not a git repository (or any parent up to mount point /)
Stopping at filesystem boundary (GIT_DISCOVERY_ACROSS_FILESYSTEM not set).
2023-05-28 00:42:13.177 [info] > git rev-parse --show-toplevel [0ms]
2023-05-28 00:42:13.177 [info] fatal: not a git repository (or any parent up to mount point /)
Stopping at filesystem boundary (GIT_DISCOVERY_ACROSS_FILESYSTEM not set).
2023-05-28 00:42:13.180 [info] > git rev-parse --show-toplevel [0ms]
2023-05-28 00:42:13.180 [info] fatal: not a git repository (or any parent up to mount point /)
Stopping at filesystem boundary (GIT_DISCOVERY_ACROSS_FILESYSTEM not set).
2023-05-28 00:42:13.183 [info] > git rev-parse --show-toplevel [1ms]
2023-05-28 00:42:13.183 [info] fatal: not a git repository (or any parent up to mount point /)
Stopping at filesystem boundary (GIT_DISCOVERY_ACROSS_FILESYSTEM not set).
2023-05-28 00:42:13.186 [info] > git rev-parse --show-toplevel [0ms]
2023-05-28 00:42:13.186 [info] fatal: not a git repository (or any parent up to mount point /)
Stopping at filesystem boundary (GIT_DISCOVERY_ACROSS_FILESYSTEM not set).
2023-05-28 00:42:13.189 [info] > git rev-parse --show-toplevel [0ms]
2023-05-28 00:42:13.189 [info] fatal: not a git repository (or any parent up to mount point /)
Stopping at filesystem boundary (GIT_DISCOVERY_ACROSS_FILESYSTEM not set).
2023-05-28 00:42:18.748 [info] > git rev-parse --show-toplevel [2ms]
2023-05-28 00:42:18.748 [info] fatal: not a git repository (or any parent up to mount point /)
Stopping at filesystem boundary (GIT_DISCOVERY_ACROSS_FILESYSTEM not set).
2023-05-28 01:00:17.063 [info] > git rev-parse --show-toplevel [2ms]
2023-05-28 01:00:17.063 [info] fatal: not a git repository (or any parent up to mount point /)
Stopping at filesystem boundary (GIT_DISCOVERY_ACROSS_FILESYSTEM not set).
2023-05-28 01:28:06.783 [info] > git rev-parse --show-toplevel [3ms]
2023-05-28 01:28:06.783 [info] fatal: not a git repository (or any parent up to mount point /)
Stopping at filesystem boundary (GIT_DISCOVERY_ACROSS_FILESYSTEM not set).
