Java home: /home/silverest/.sdkman/candidates/java/current
Metals version: 0.11.12
Using coursier located at /home/silverest/.local/share/coursier/bin/coursier
2023.05.28 00:42:14 INFO  logging to file /home/silverest/Coding/scala/advanced_scala/.metals/metals.log
2023.05.28 00:42:14 INFO  Started: Metals version 0.11.12 in workspace '/home/silverest/Coding/scala/advanced_scala' for client Visual Studio Code - Insiders 1.79.0-insider.
2023.05.28 00:42:15 INFO  time: initialize in 0.35s
Initializing Scala Debugger
Release notes was not shown: not showing release notes since they've already been seen for your current version
2023.05.28 00:42:16 INFO  Attempting to connect to the build server...
2023.05.28 00:42:16 INFO  Bloop uses /home/silverest/.sdkman/candidates/java/current defined at /home/silverest/.bloop/bloop.json
2023.05.28 00:42:16 INFO  skipping build import with status 'Installed'
2023.05.28 00:42:16 INFO  tracing is disabled for protocol BSP, to enable tracing of incoming and outgoing JSON messages create an empty file at /home/silverest/Coding/scala/advanced_scala/.metals/bsp.trace.json or /home/silverest/.cache/metals/bsp.trace.json
2023.05.28 00:42:16 INFO  Attempting to connect to the build server...
2023.05.28 00:42:16 INFO  Bloop uses /home/silverest/.sdkman/candidates/java/current defined at /home/silverest/.bloop/bloop.json
2023.05.28 00:42:16 INFO  tracing is disabled for protocol BSP, to enable tracing of incoming and outgoing JSON messages create an empty file at /home/silverest/Coding/scala/advanced_scala/project/.metals/bsp.trace.json or /home/silverest/.cache/metals/bsp.trace.json
2023.05.28 00:42:16 INFO  time: Connected to build server in 0.22s
2023.05.28 00:42:16 INFO  Connected to Build server: Bloop v1.5.6
2023.05.28 00:42:17 INFO  no build target found for /home/silverest/Coding/scala/advanced_scala/src/main/scala/com/silverest/part1as/Recap.scala. Using presentation compiler with project's scala-library version: 3.2.2
2023.05.28 00:42:17 INFO  time: code lens generation in 1.42s
2023.05.28 00:42:19 INFO  time: indexed workspace in 1.81s
2023.05.28 00:42:19 INFO  compiling root (2 scala sources)
2023.05.28 00:42:19 INFO  time: compiled root in 0.84s
2023.05.28 00:42:19 INFO  compiling root (2 scala sources)
2023.05.28 00:42:20 INFO  time: compiled root in 0.16s
2023.05.28 00:42:20 INFO  compiling root (2 scala sources)
2023.05.28 00:42:20 INFO  time: compiled root in 0.12s
2023.05.28 01:28:36 INFO  Shutting down server
2023.05.28 01:28:36 INFO  shutting down Metals
