2023-05-27 14:02:31.584 [info] Reading sessions from keychain...
2023-05-27 14:02:31.584 [info] Getting sessions for all scopes...
2023-05-27 14:02:31.584 [info] Getting sessions for all scopes...
2023-05-27 14:02:31.584 [info] Got 0 sessions for ...
2023-05-27 14:02:31.584 [info] Got 0 sessions for ...
2023-05-27 14:02:31.584 [info] Getting sessions for user:email...
2023-05-27 14:02:31.584 [info] Got 0 sessions for user:email...
2023-05-27 14:02:31.612 [info] Getting sessions for all scopes...
2023-05-27 14:02:31.612 [info] Got 0 sessions for ...
2023-05-27 14:05:16.243 [info] Getting sessions for read:user...
2023-05-27 14:05:16.243 [info] Got 0 sessions for read:user...
2023-05-27 14:05:16.244 [info] Getting sessions for user:email...
2023-05-27 14:05:16.244 [info] Got 0 sessions for user:email...
2023-05-27 14:05:20.923 [info] Getting sessions for read:user...
2023-05-27 14:05:20.923 [info] Got 0 sessions for read:user...
2023-05-27 14:05:20.923 [info] Getting sessions for user:email...
2023-05-27 14:05:20.923 [info] Got 0 sessions for user:email...
2023-05-27 14:05:21.966 [info] Getting sessions for user:email...
2023-05-27 14:05:21.966 [info] Got 0 sessions for user:email...
2023-05-27 14:05:21.967 [info] Getting sessions for read:user...
2023-05-27 14:05:21.967 [info] Got 0 sessions for read:user...
2023-05-27 14:05:22.722 [info] Logging in for the following scopes: user:email
2023-05-27 14:05:22.727 [info] Trying without local server... (user:email)
2023-05-27 14:05:28.824 [info] Exchanging code for token...
2023-05-27 14:05:29.611 [info] Token exchange success!
2023-05-27 14:05:29.613 [info] Getting user info...
2023-05-27 14:05:30.141 [info] Got account info!
2023-05-27 14:05:30.141 [info] Storing 1 sessions...
2023-05-27 14:05:30.161 [info] Reading sessions from keychain...
2023-05-27 14:05:30.161 [info] Stored 1 sessions!
2023-05-27 14:05:30.162 [info] Login success!
2023-05-27 14:05:30.163 [info] Getting sessions for user:email...
2023-05-27 14:05:30.168 [info] Got stored sessions!
2023-05-27 14:05:30.168 [info] Got 1 verified sessions.
2023-05-27 14:05:30.168 [info] Got 1 sessions for user:email...
2023-05-27 14:05:30.170 [info] Getting sessions for user:email...
2023-05-27 14:05:30.170 [info] Got 1 sessions for user:email...
2023-05-27 14:05:30.188 [info] Getting sessions for read:user...
2023-05-27 14:05:30.188 [info] Got 0 sessions for read:user...
2023-05-27 14:05:30.190 [info] Getting sessions for user:email...
2023-05-27 14:05:30.190 [info] Got 1 sessions for user:email...
2023-05-27 14:05:30.190 [info] Getting sessions for user:email...
2023-05-27 14:05:30.190 [info] Got 1 sessions for user:email...
2023-05-27 14:05:53.205 [info] Reading sessions from keychain...
2023-05-27 14:05:53.205 [info] Getting sessions for all scopes...
2023-05-27 14:05:53.205 [info] Got stored sessions!
2023-05-27 14:05:53.205 [info] Got 1 verified sessions.
2023-05-27 14:05:53.205 [info] Got 1 sessions for ...
2023-05-27 14:05:53.205 [info] Getting sessions for user:email...
2023-05-27 14:05:53.205 [info] Got 1 sessions for user:email...
2023-05-27 14:05:53.205 [info] Getting sessions for user:email...
2023-05-27 14:05:53.205 [info] Got 1 sessions for user:email...
2023-05-27 14:05:53.205 [info] Getting sessions for read:user...
2023-05-27 14:05:53.205 [info] Got 0 sessions for read:user...
2023-05-27 14:05:53.218 [info] Getting sessions for all scopes...
2023-05-27 14:05:53.218 [info] Got 1 sessions for ...
2023-05-27 14:05:53.220 [info] Getting sessions for user:email...
2023-05-27 14:05:53.220 [info] Got 1 sessions for user:email...
2023-05-27 14:05:53.239 [info] Getting sessions for all scopes...
2023-05-27 14:05:53.239 [info] Got 1 sessions for ...
2023-05-27 14:06:23.187 [info] Getting sessions for user:email...
2023-05-27 14:06:23.187 [info] Got 1 sessions for user:email...
2023-05-27 14:30:54.765 [info] Getting sessions for user:email...
2023-05-27 14:30:54.765 [info] Got 1 sessions for user:email...
2023-05-27 14:30:54.765 [info] Getting sessions for read:user...
2023-05-27 14:30:54.765 [info] Got 0 sessions for read:user...
2023-05-27 14:30:54.767 [info] Getting sessions for user:email...
2023-05-27 14:30:54.767 [info] Got 1 sessions for user:email...
2023-05-27 14:55:55.299 [info] Getting sessions for user:email...
2023-05-27 14:55:55.299 [info] Got 1 sessions for user:email...
2023-05-27 14:55:55.311 [info] Getting sessions for read:user...
2023-05-27 14:55:55.311 [info] Got 0 sessions for read:user...
2023-05-27 14:55:55.312 [info] Getting sessions for user:email...
2023-05-27 14:55:55.312 [info] Got 1 sessions for user:email...
