2023-05-28 00:41:54.882 [info] [perf] Render performance baseline is 22ms
2023-05-28 00:42:14.480 [info] [perf] Render performance baseline is 23ms
2023-05-28 01:00:17.090 [error] Unable to read file '/home/silverest/Coding/scala/advanced_scala/src/main/scala/com/silverest/part1as/DarkSugars.scala' (Error: File not modified since): Error: Unable to read file '/home/silverest/Coding/scala/advanced_scala/src/main/scala/com/silverest/part1as/DarkSugars.scala' (Error: File not modified since)
    at e.FileService.w (vscode-file://vscode-app/usr/share/code-insiders/resources/app/out/vs/workbench/workbench.desktop.main.js:624:17723)
    at e.FileService.v (vscode-file://vscode-app/usr/share/code-insiders/resources/app/out/vs/workbench/workbench.desktop.main.js:624:17555)
    at async e.NativeTextFileService.H (vscode-file://vscode-app/usr/share/code-insiders/resources/app/out/vs/workbench/workbench.desktop.main.js:2310:40033)
    at async e.NativeTextFileService.readStream (vscode-file://vscode-app/usr/share/code-insiders/resources/app/out/vs/workbench/workbench.desktop.main.js:2310:39728)
    at async Us.Ab (vscode-file://vscode-app/usr/share/code-insiders/resources/app/out/vs/workbench/workbench.desktop.main.js:2299:35191)
    at async Us.resolve (vscode-file://vscode-app/usr/share/code-insiders/resources/app/out/vs/workbench/workbench.desktop.main.js:2299:33576)
    at async vscode-file://vscode-app/usr/share/code-insiders/resources/app/out/vs/workbench/workbench.desktop.main.js:2310:35751
2023-05-28 01:00:45.963 [error] Error: Failed to get model for chat editor. id: a8499ded-57ea-4856-afa3-a3c82f2c3233
    at e.ChatEditor.setInput (vscode-file://vscode-app/usr/share/code-insiders/resources/app/out/vs/workbench/workbench.desktop.main.js:2008:14237)
    at async e.EditorPanes.M (vscode-file://vscode-app/usr/share/code-insiders/resources/app/out/vs/workbench/workbench.desktop.main.js:2286:23729)
    at async e.EditorPanes.D (vscode-file://vscode-app/usr/share/code-insiders/resources/app/out/vs/workbench/workbench.desktop.main.js:2286:22324)
    at async e.EditorPanes.openEditor (vscode-file://vscode-app/usr/share/code-insiders/resources/app/out/vs/workbench/workbench.desktop.main.js:2286:21227)
    at async vscode-file://vscode-app/usr/share/code-insiders/resources/app/out/vs/workbench/workbench.desktop.main.js:2471:13500
2023-05-28 01:00:47.283 [error] Unknown session: a8499ded-57ea-4856-afa3-a3c82f2c3233: Error: Unknown session: a8499ded-57ea-4856-afa3-a3c82f2c3233
    at e.ChatService.clearSession (vscode-file://vscode-app/usr/share/code-insiders/resources/app/out/vs/workbench/workbench.desktop.main.js:1354:43108)
    at Hn.dispose (vscode-file://vscode-app/usr/share/code-insiders/resources/app/out/vs/workbench/workbench.desktop.main.js:768:14257)
    at ln.nb (vscode-file://vscode-app/usr/share/code-insiders/resources/app/out/vs/workbench/workbench.desktop.main.js:2471:8425)
    at ln.lb (vscode-file://vscode-app/usr/share/code-insiders/resources/app/out/vs/workbench/workbench.desktop.main.js:2471:8019)
    at vscode-file://vscode-app/usr/share/code-insiders/resources/app/out/vs/workbench/workbench.desktop.main.js:2471:7726
    at g.invoke (vscode-file://vscode-app/usr/share/code-insiders/resources/app/out/vs/workbench/workbench.desktop.main.js:93:145)
    at r.deliver (vscode-file://vscode-app/usr/share/code-insiders/resources/app/out/vs/workbench/workbench.desktop.main.js:93:2121)
    at s.fire (vscode-file://vscode-app/usr/share/code-insiders/resources/app/out/vs/workbench/workbench.desktop.main.js:93:1729)
    at wn.closeEditor (vscode-file://vscode-app/usr/share/code-insiders/resources/app/out/vs/workbench/workbench.desktop.main.js:1154:38458)
    at ln.Eb (vscode-file://vscode-app/usr/share/code-insiders/resources/app/out/vs/workbench/workbench.desktop.main.js:2471:15953)
    at ln.Db (vscode-file://vscode-app/usr/share/code-insiders/resources/app/out/vs/workbench/workbench.desktop.main.js:2471:15650)
    at ln.Cb (vscode-file://vscode-app/usr/share/code-insiders/resources/app/out/vs/workbench/workbench.desktop.main.js:2471:15503)
    at async e.CloseOneEditorAction.run (vscode-file://vscode-app/usr/share/code-insiders/resources/app/out/vs/workbench/workbench.desktop.main.js:2299:91994)
    at async O.k (vscode-file://vscode-app/usr/share/code-insiders/resources/app/out/vs/workbench/workbench.desktop.main.js:93:15057)
    at async O.run (vscode-file://vscode-app/usr/share/code-insiders/resources/app/out/vs/workbench/workbench.desktop.main.js:93:14981)
2023-05-28 01:00:51.025 [error] Error: Failed to get model for chat editor. id: 5c76edfd-32f6-4458-9c7a-bd9f47e9aed2
    at e.ChatEditor.setInput (vscode-file://vscode-app/usr/share/code-insiders/resources/app/out/vs/workbench/workbench.desktop.main.js:2008:14237)
    at async e.EditorPanes.M (vscode-file://vscode-app/usr/share/code-insiders/resources/app/out/vs/workbench/workbench.desktop.main.js:2286:23729)
    at async e.EditorPanes.D (vscode-file://vscode-app/usr/share/code-insiders/resources/app/out/vs/workbench/workbench.desktop.main.js:2286:22324)
    at async e.EditorPanes.openEditor (vscode-file://vscode-app/usr/share/code-insiders/resources/app/out/vs/workbench/workbench.desktop.main.js:2286:21227)
    at async vscode-file://vscode-app/usr/share/code-insiders/resources/app/out/vs/workbench/workbench.desktop.main.js:2471:13500
2023-05-28 01:00:52.973 [error] Error: Failed to get model for chat editor. id: 5c76edfd-32f6-4458-9c7a-bd9f47e9aed2
    at e.ChatEditor.setInput (vscode-file://vscode-app/usr/share/code-insiders/resources/app/out/vs/workbench/workbench.desktop.main.js:2008:14237)
    at async e.EditorPanes.M (vscode-file://vscode-app/usr/share/code-insiders/resources/app/out/vs/workbench/workbench.desktop.main.js:2286:23729)
    at async e.EditorPanes.D (vscode-file://vscode-app/usr/share/code-insiders/resources/app/out/vs/workbench/workbench.desktop.main.js:2286:22324)
    at async e.EditorPanes.openEditor (vscode-file://vscode-app/usr/share/code-insiders/resources/app/out/vs/workbench/workbench.desktop.main.js:2286:21227)
    at async vscode-file://vscode-app/usr/share/code-insiders/resources/app/out/vs/workbench/workbench.desktop.main.js:2471:13500
2023-05-28 01:00:56.795 [error] Unknown session: 5c76edfd-32f6-4458-9c7a-bd9f47e9aed2: Error: Unknown session: 5c76edfd-32f6-4458-9c7a-bd9f47e9aed2
    at e.ChatService.clearSession (vscode-file://vscode-app/usr/share/code-insiders/resources/app/out/vs/workbench/workbench.desktop.main.js:1354:43108)
    at Hn.dispose (vscode-file://vscode-app/usr/share/code-insiders/resources/app/out/vs/workbench/workbench.desktop.main.js:768:14257)
    at ln.nb (vscode-file://vscode-app/usr/share/code-insiders/resources/app/out/vs/workbench/workbench.desktop.main.js:2471:8425)
    at ln.lb (vscode-file://vscode-app/usr/share/code-insiders/resources/app/out/vs/workbench/workbench.desktop.main.js:2471:8019)
    at vscode-file://vscode-app/usr/share/code-insiders/resources/app/out/vs/workbench/workbench.desktop.main.js:2471:7726
    at g.invoke (vscode-file://vscode-app/usr/share/code-insiders/resources/app/out/vs/workbench/workbench.desktop.main.js:93:145)
    at r.deliver (vscode-file://vscode-app/usr/share/code-insiders/resources/app/out/vs/workbench/workbench.desktop.main.js:93:2121)
    at s.fire (vscode-file://vscode-app/usr/share/code-insiders/resources/app/out/vs/workbench/workbench.desktop.main.js:93:1729)
    at wn.closeEditor (vscode-file://vscode-app/usr/share/code-insiders/resources/app/out/vs/workbench/workbench.desktop.main.js:1154:38458)
    at ln.Eb (vscode-file://vscode-app/usr/share/code-insiders/resources/app/out/vs/workbench/workbench.desktop.main.js:2471:15953)
    at ln.Db (vscode-file://vscode-app/usr/share/code-insiders/resources/app/out/vs/workbench/workbench.desktop.main.js:2471:15650)
    at ln.Cb (vscode-file://vscode-app/usr/share/code-insiders/resources/app/out/vs/workbench/workbench.desktop.main.js:2471:15503)
    at async e.CloseOneEditorAction.run (vscode-file://vscode-app/usr/share/code-insiders/resources/app/out/vs/workbench/workbench.desktop.main.js:2299:91994)
    at async O.k (vscode-file://vscode-app/usr/share/code-insiders/resources/app/out/vs/workbench/workbench.desktop.main.js:93:15057)
    at async O.run (vscode-file://vscode-app/usr/share/code-insiders/resources/app/out/vs/workbench/workbench.desktop.main.js:93:14981)
